g:\vcppwork\coolformat\bcgcbpro\objl\x64\17.0\v143\release\bcgcbpro2510143.pch
g:\vcppwork\coolformat\bin64\bcgcbpro2510143.pdb
g:\vcppwork\coolformat\bcgcbpro\objl\x64\17.0\v143\release\stdafx.obj
g:\vcppwork\coolformat\bcgcbpro\objl\x64\17.0\v143\release\bcgpappointment.obj
g:\vcppwork\coolformat\bcgcbpro\objl\x64\17.0\v143\release\bcgpbasetoolbar.obj
g:\vcppwork\coolformat\bcgcbpro\objl\x64\17.0\v143\release\bcgpcalendarmenubutton.obj
g:\vcppwork\coolformat\bcgcbpro\objl\x64\17.0\v143\release\bcgpchartformat.obj
g:\vcppwork\coolformat\bcgcbpro\objl\x64\17.0\v143\release\bcgpchartseries.obj
g:\vcppwork\coolformat\bcgcbpro\objl\x64\17.0\v143\release\bcgpcontextmenumanager.obj
g:\vcppwork\coolformat\bcgcbpro\objl\x64\17.0\v143\release\bcgpdialogbar.obj
g:\vcppwork\coolformat\bcgcbpro\objl\x64\17.0\v143\release\bcgpdragframeimpl.obj
g:\vcppwork\coolformat\bcgcbpro\objl\x64\17.0\v143\release\bcgpedit.obj
g:\vcppwork\coolformat\bcgcbpro\objl\x64\17.0\v143\release\bcgpengine3dopengl.obj
g:\vcppwork\coolformat\bcgcbpro\objl\x64\17.0\v143\release\bcgpframewnd.obj
g:\vcppwork\coolformat\bcgcbpro\objl\x64\17.0\v143\release\bcgpgraphicsmanagerd2d.obj
g:\vcppwork\coolformat\bcgcbpro\objl\x64\17.0\v143\release\bcgpgridsparkline.obj
g:\vcppwork\coolformat\bcgcbpro\objl\x64\17.0\v143\release\bcgplinestylecombobox.obj
g:\vcppwork\coolformat\bcgcbpro\objl\x64\17.0\v143\release\bcgplistctrl.obj
g:\vcppwork\coolformat\bcgcbpro\objl\x64\17.0\v143\release\bcgpmainclientareawnd.obj
g:\vcppwork\coolformat\bcgcbpro\objl\x64\17.0\v143\release\bcgpwindowsnavigator.obj
g:\vcppwork\coolformat\bcgcbpro\objl\x64\17.0\v143\release\bcgpoleserverdoc.obj
g:\vcppwork\coolformat\bcgcbpro\objl\x64\17.0\v143\release\bcgpoutlookbar.obj
g:\vcppwork\coolformat\bcgcbpro\objl\x64\17.0\v143\release\bcgpplannerview.obj
g:\vcppwork\coolformat\bcgcbpro\objl\x64\17.0\v143\release\bcgppopupmenu.obj
g:\vcppwork\coolformat\bcgcbpro\objl\x64\17.0\v143\release\bcgpproplist.obj
g:\vcppwork\coolformat\bcgcbpro\objl\x64\17.0\v143\release\bcgpribboncombobox.obj
g:\vcppwork\coolformat\bcgcbpro\objl\x64\17.0\v143\release\bcgpribbondialogbar.obj
g:\vcppwork\coolformat\bcgcbpro\objl\x64\17.0\v143\release\bcgpribboninfo.obj
g:\vcppwork\coolformat\bcgcbpro\objl\x64\17.0\v143\release\bcgpribbonquickaccesstoolbar.obj
g:\vcppwork\coolformat\bcgcbpro\objl\x64\17.0\v143\release\bcgpribbonundobutton.obj
g:\vcppwork\coolformat\bcgcbpro\objl\x64\17.0\v143\release\bcgpshellmanager.obj
g:\vcppwork\coolformat\bcgcbpro\objl\x64\17.0\v143\release\bcgpskinmanager.obj
g:\vcppwork\coolformat\bcgcbpro\objl\x64\17.0\v143\release\bcgptoolbar.obj
g:\vcppwork\coolformat\bcgcbpro\objl\x64\17.0\v143\release\bcgptoolbarmenubuttonsbutton.obj
g:\vcppwork\coolformat\bcgcbpro\objl\x64\17.0\v143\release\bcgptoolbarspineditboxbutton.obj
g:\vcppwork\coolformat\bcgcbpro\objl\x64\17.0\v143\release\bcgptooltipctrl.obj
g:\vcppwork\coolformat\bcgcbpro\objl\x64\17.0\v143\release\bcgpvisualcontainer.obj
g:\vcppwork\coolformat\bcgcbpro\objl\x64\17.0\v143\release\bcgpvisualmanagervs2012.obj
g:\vcppwork\coolformat\bcgcbpro\objl\x64\17.0\v143\release\menuhash.obj
g:\vcppwork\coolformat\bcgcbpro\objl\x64\17.0\v143\release\bcgpanalogclock.obj
g:\vcppwork\coolformat\bcgcbpro\objl\x64\17.0\v143\release\bcgpbasetabbedbar.obj
g:\vcppwork\coolformat\bcgcbpro\objl\x64\17.0\v143\release\bcgpbrushbutton.obj
g:\vcppwork\coolformat\bcgcbpro\objl\x64\17.0\v143\release\bcgpchartctrl.obj
g:\vcppwork\coolformat\bcgcbpro\objl\x64\17.0\v143\release\bcgpcolorcombobox.obj
g:\vcppwork\coolformat\bcgcbpro\objl\x64\17.0\v143\release\bcgpcombobox.obj
g:\vcppwork\coolformat\bcgcbpro\objl\x64\17.0\v143\release\bcgpdaogridctrl.obj
g:\vcppwork\coolformat\bcgcbpro\objl\x64\17.0\v143\release\bcgpdatetimectrl.obj
g:\vcppwork\coolformat\bcgcbpro\objl\x64\17.0\v143\release\bcgpdiagramshape.obj
g:\vcppwork\coolformat\bcgcbpro\objl\x64\17.0\v143\release\bcgpdrawmanager.obj
g:\vcppwork\coolformat\bcgcbpro\objl\x64\17.0\v143\release\bcgpeditlistbox.obj
g:\vcppwork\coolformat\bcgcbpro\objl\x64\17.0\v143\release\bcgpformview.obj
g:\vcppwork\coolformat\bcgcbpro\objl\x64\17.0\v143\release\bcgpganttcontrol.obj
g:\vcppwork\coolformat\bcgcbpro\objl\x64\17.0\v143\release\bcgpgridserialize.obj
g:\vcppwork\coolformat\bcgcbpro\objl\x64\17.0\v143\release\bcgphotspotimagectrl.obj
g:\vcppwork\coolformat\bcgcbpro\objl\x64\17.0\v143\release\bcgpkeyboardpage.obj
g:\vcppwork\coolformat\bcgcbpro\objl\x64\17.0\v143\release\bcgplocalres.obj
g:\vcppwork\coolformat\bcgcbpro\objl\x64\17.0\v143\release\bcgpmaskedit.obj
g:\vcppwork\coolformat\bcgcbpro\objl\x64\17.0\v143\release\bcgpmenubutton.obj
g:\vcppwork\coolformat\bcgcbpro\objl\x64\17.0\v143\release\bcgpshadowmanager.obj
g:\vcppwork\coolformat\bcgcbpro\objl\x64\17.0\v143\release\bcgpmousepage.obj
g:\vcppwork\coolformat\bcgcbpro\objl\x64\17.0\v143\release\bcgpoptionspage.obj
g:\vcppwork\coolformat\bcgcbpro\objl\x64\17.0\v143\release\bcgpplannerprint.obj
g:\vcppwork\coolformat\bcgcbpro\objl\x64\17.0\v143\release\bcgpplannerprintweek.obj
g:\vcppwork\coolformat\bcgcbpro\objl\x64\17.0\v143\release\bcgpplannerviewday.obj
g:\vcppwork\coolformat\bcgcbpro\objl\x64\17.0\v143\release\bcgpprogressdlg.obj
g:\vcppwork\coolformat\bcgcbpro\objl\x64\17.0\v143\release\bcgprecurrence.obj
g:\vcppwork\coolformat\bcgcbpro\objl\x64\17.0\v143\release\bcgprenamedlg.obj
g:\vcppwork\coolformat\bcgcbpro\objl\x64\17.0\v143\release\bcgpribbonbackstageviewpanel.obj
g:\vcppwork\coolformat\bcgcbpro\objl\x64\17.0\v143\release\bcgpribboncustomizepage.obj
g:\vcppwork\coolformat\bcgcbpro\objl\x64\17.0\v143\release\bcgpribbonkeytip.obj
g:\vcppwork\coolformat\bcgcbpro\objl\x64\17.0\v143\release\bcgpribbonstatusbar.obj
g:\vcppwork\coolformat\bcgcbpro\objl\x64\17.0\v143\release\bcgpshelltree.obj
g:\vcppwork\coolformat\bcgcbpro\objl\x64\17.0\v143\release\bcgpstaticgaugeimpl.obj
g:\vcppwork\coolformat\bcgcbpro\objl\x64\17.0\v143\release\bcgptearoffmanager.obj
g:\vcppwork\coolformat\bcgcbpro\objl\x64\17.0\v143\release\bcgptoolbardropsource.obj
g:\vcppwork\coolformat\bcgcbpro\objl\x64\17.0\v143\release\bcgptoolbardroptarget.obj
g:\vcppwork\coolformat\bcgcbpro\objl\x64\17.0\v143\release\bcgptoolbarfontcombo.obj
g:\vcppwork\coolformat\bcgcbpro\objl\x64\17.0\v143\release\bcgptoolbox.obj
g:\vcppwork\coolformat\bcgcbpro\objl\x64\17.0\v143\release\bcgpvisualconstructor.obj
g:\vcppwork\coolformat\bcgcbpro\objl\x64\17.0\v143\release\bcgpvisualmanagervs2005.obj
g:\vcppwork\coolformat\bcgcbpro\objl\x64\17.0\v143\release\bcgpwindowsmanagerdlg.obj
g:\vcppwork\coolformat\bcgcbpro\objl\x64\17.0\v143\release\buttonslist.obj
g:\vcppwork\coolformat\bcgcbpro\objl\x64\17.0\v143\release\calendarpopup.obj
g:\vcppwork\coolformat\bcgcbpro\objl\x64\17.0\v143\release\colorpopup.obj
g:\vcppwork\coolformat\bcgcbpro\objl\x64\17.0\v143\release\bcgpappbarwnd.obj
g:\vcppwork\coolformat\bcgcbpro\objl\x64\17.0\v143\release\bcgpautohidedockbar.obj
g:\vcppwork\coolformat\bcgcbpro\objl\x64\17.0\v143\release\bcgpbarcontainer.obj
g:\vcppwork\coolformat\bcgcbpro\objl\x64\17.0\v143\release\bcgpbreadcrumbcontrolimpl.obj
g:\vcppwork\coolformat\bcgcbpro\objl\x64\17.0\v143\release\bcgpcaptionmenubutton.obj
g:\vcppwork\coolformat\bcgcbpro\objl\x64\17.0\v143\release\bcgpchartlegend.obj
g:\vcppwork\coolformat\bcgcbpro\objl\x64\17.0\v143\release\bcgpcolorbar.obj
g:\vcppwork\coolformat\bcgcbpro\objl\x64\17.0\v143\release\bcgpcontrolrenderer.obj
g:\vcppwork\coolformat\bcgcbpro\objl\x64\17.0\v143\release\bcgpdiagramctrl.obj
g:\vcppwork\coolformat\bcgcbpro\objl\x64\17.0\v143\release\bcgpdockbar.obj
g:\vcppwork\coolformat\bcgcbpro\objl\x64\17.0\v143\release\bcgpdurationctrl.obj
g:\vcppwork\coolformat\bcgcbpro\objl\x64\17.0\v143\release\bcgpeditbrushdlg.obj
g:\vcppwork\coolformat\bcgcbpro\objl\x64\17.0\v143\release\bcgpfiledialog.obj
g:\vcppwork\coolformat\bcgcbpro\objl\x64\17.0\v143\release\bcgpganttchart.obj
g:\vcppwork\coolformat\bcgcbpro\objl\x64\17.0\v143\release\bcgpgridfiltermenu.obj
g:\vcppwork\coolformat\bcgcbpro\objl\x64\17.0\v143\release\bcgpimagegaugeimpl.obj
g:\vcppwork\coolformat\bcgcbpro\objl\x64\17.0\v143\release\bcgplineargaugeimpl.obj
g:\vcppwork\coolformat\bcgcbpro\objl\x64\17.0\v143\release\bcgpmdichildwnd.obj
g:\vcppwork\coolformat\bcgcbpro\objl\x64\17.0\v143\release\bcgpnumericindicatorimpl.obj
g:\vcppwork\coolformat\bcgcbpro\objl\x64\17.0\v143\release\bcgpoutlookwnd.obj
g:\vcppwork\coolformat\bcgcbpro\objl\x64\17.0\v143\release\bcgpplannerviewmulti.obj
g:\vcppwork\coolformat\bcgcbpro\objl\x64\17.0\v143\release\bcgpprogressctrl.obj
g:\vcppwork\coolformat\bcgcbpro\objl\x64\17.0\v143\release\bcgppropertypage.obj
g:\vcppwork\coolformat\bcgcbpro\objl\x64\17.0\v143\release\bcgpreportctrl.obj
g:\vcppwork\coolformat\bcgcbpro\objl\x64\17.0\v143\release\bcgpribbonbuttonsgroup.obj
g:\vcppwork\coolformat\bcgcbpro\objl\x64\17.0\v143\release\bcgpribboncolorbutton.obj
g:\vcppwork\coolformat\bcgcbpro\objl\x64\17.0\v143\release\bcgpribboncustomizeqatpage.obj
g:\vcppwork\coolformat\bcgcbpro\objl\x64\17.0\v143\release\bcgpribbonmainpanel.obj
g:\vcppwork\coolformat\bcgcbpro\objl\x64\17.0\v143\release\bcgpsdplacemarkerwnd.obj
g:\vcppwork\coolformat\bcgcbpro\objl\x64\17.0\v143\release\bcgpshelllist.obj
g:\vcppwork\coolformat\bcgcbpro\objl\x64\17.0\v143\release\bcgptagcloud.obj
g:\vcppwork\coolformat\bcgcbpro\objl\x64\17.0\v143\release\bcgptoolbarcomboboxbutton.obj
g:\vcppwork\coolformat\bcgcbpro\objl\x64\17.0\v143\release\bcgptoolbarsystemmenubutton.obj
g:\vcppwork\coolformat\bcgcbpro\objl\x64\17.0\v143\release\bcgptoolspage.obj
g:\vcppwork\coolformat\bcgcbpro\objl\x64\17.0\v143\release\bcgpvisualmanager2003.obj
g:\vcppwork\coolformat\bcgcbpro\objl\x64\17.0\v143\release\bcgpvisualmanagercarbon.obj
g:\vcppwork\coolformat\bcgcbpro\objl\x64\17.0\v143\release\bcgpworkspace.obj
g:\vcppwork\coolformat\bcgcbpro\objl\x64\17.0\v143\release\regpath.obj
g:\vcppwork\coolformat\bcgcbpro\objl\x64\17.0\v143\release\toolbarnamedlg.obj
g:\vcppwork\coolformat\bcgcbpro\objl\x64\17.0\v143\release\bcgglobals.obj
g:\vcppwork\coolformat\bcgcbpro\objl\x64\17.0\v143\release\bcgpbasetabwnd.obj
g:\vcppwork\coolformat\bcgcbpro\objl\x64\17.0\v143\release\bcgpcalculator.obj
g:\vcppwork\coolformat\bcgcbpro\objl\x64\17.0\v143\release\bcgpchartobject.obj
g:\vcppwork\coolformat\bcgcbpro\objl\x64\17.0\v143\release\bcgpchartview.obj
g:\vcppwork\coolformat\bcgcbpro\objl\x64\17.0\v143\release\bcgpcommandmanager.obj
g:\vcppwork\coolformat\bcgcbpro\objl\x64\17.0\v143\release\bcgpcontrolbar.obj
g:\vcppwork\coolformat\bcgcbpro\objl\x64\17.0\v143\release\bcgpdhtmldialog.obj
g:\vcppwork\coolformat\bcgcbpro\objl\x64\17.0\v143\release\bcgpdlgimpl.obj
g:\vcppwork\coolformat\bcgcbpro\objl\x64\17.0\v143\release\bcgpengine3d.obj
g:\vcppwork\coolformat\bcgcbpro\objl\x64\17.0\v143\release\bcgpfullscreenimpl.obj
g:\vcppwork\coolformat\bcgcbpro\objl\x64\17.0\v143\release\bcgpgridfilter.obj
g:\vcppwork\coolformat\bcgcbpro\objl\x64\17.0\v143\release\bcgpimageeditdlg.obj
g:\vcppwork\coolformat\bcgcbpro\objl\x64\17.0\v143\release\bcgpkeyboardmanager.obj
g:\vcppwork\coolformat\bcgcbpro\objl\x64\17.0\v143\release\bcgplistbox.obj
g:\vcppwork\coolformat\bcgcbpro\objl\x64\17.0\v143\release\bcgpmessagebox.obj
g:\vcppwork\coolformat\bcgcbpro\objl\x64\17.0\v143\release\bcgpswitchimpl.obj
g:\vcppwork\coolformat\bcgcbpro\objl\x64\17.0\v143\release\bcgpoleipframewnd.obj
g:\vcppwork\coolformat\bcgcbpro\objl\x64\17.0\v143\release\bcgpoutlookbardockingpane.obj
g:\vcppwork\coolformat\bcgcbpro\objl\x64\17.0\v143\release\bcgpplannerclockicons.obj
g:\vcppwork\coolformat\bcgcbpro\objl\x64\17.0\v143\release\bcgpplannermanagerview.obj
g:\vcppwork\coolformat\bcgcbpro\objl\x64\17.0\v143\release\bcgpplannerprintday.obj
g:\vcppwork\coolformat\bcgcbpro\objl\x64\17.0\v143\release\bcgppngimage.obj
g:\vcppwork\coolformat\bcgcbpro\objl\x64\17.0\v143\release\bcgpprintpreviewview.obj
g:\vcppwork\coolformat\bcgcbpro\objl\x64\17.0\v143\release\bcgpradialmenu.obj
g:\vcppwork\coolformat\bcgcbpro\objl\x64\17.0\v143\release\bcgpribbonbackstagepageprint.obj
g:\vcppwork\coolformat\bcgcbpro\objl\x64\17.0\v143\release\bcgpribboncollector.obj
g:\vcppwork\coolformat\bcgcbpro\objl\x64\17.0\v143\release\bcgpribbonedit.obj
g:\vcppwork\coolformat\bcgcbpro\objl\x64\17.0\v143\release\bcgpribboninfowriter.obj
g:\vcppwork\coolformat\bcgcbpro\objl\x64\17.0\v143\release\bcgpribbonquickstepsbutton.obj
g:\vcppwork\coolformat\bcgcbpro\objl\x64\17.0\v143\release\bcgprotationobject.obj
g:\vcppwork\coolformat\bcgcbpro\objl\x64\17.0\v143\release\bcgpsliderctrl.obj
g:\vcppwork\coolformat\bcgcbpro\objl\x64\17.0\v143\release\bcgpstatusbar.obj
g:\vcppwork\coolformat\bcgcbpro\objl\x64\17.0\v143\release\bcgptextformatdlg.obj
g:\vcppwork\coolformat\bcgcbpro\objl\x64\17.0\v143\release\bcgptoolbarcustomizepages.obj
g:\vcppwork\coolformat\bcgcbpro\objl\x64\17.0\v143\release\bcgptooltipmanager.obj
g:\vcppwork\coolformat\bcgcbpro\objl\x64\17.0\v143\release\bcgpurllinkbutton.obj
g:\vcppwork\coolformat\bcgcbpro\objl\x64\17.0\v143\release\bcgpusertoolsmanager.obj
g:\vcppwork\coolformat\bcgcbpro\objl\x64\17.0\v143\release\bcgpvisualmanager.obj
g:\vcppwork\coolformat\bcgcbpro\objl\x64\17.0\v143\release\bcgpvisualmanagervs2010.obj
g:\vcppwork\coolformat\bcgcbpro\objl\x64\17.0\v143\release\menuimages.obj
g:\vcppwork\coolformat\bcgcbpro\objl\x64\17.0\v143\release\bcgpanimationmanager.obj
g:\vcppwork\coolformat\bcgcbpro\objl\x64\17.0\v143\release\bcgpautohidebutton.obj
g:\vcppwork\coolformat\bcgcbpro\objl\x64\17.0\v143\release\bcgpbasecontrolbar.obj
g:\vcppwork\coolformat\bcgcbpro\objl\x64\17.0\v143\release\bcgpbutton.obj
g:\vcppwork\coolformat\bcgcbpro\objl\x64\17.0\v143\release\bcgpchartformula.obj
g:\vcppwork\coolformat\bcgcbpro\objl\x64\17.0\v143\release\bcgpcirculargaugeimpl.obj
g:\vcppwork\coolformat\bcgcbpro\objl\x64\17.0\v143\release\bcgpcolormenubutton.obj
g:\vcppwork\coolformat\bcgcbpro\objl\x64\17.0\v143\release\bcgpdialog.obj
g:\vcppwork\coolformat\bcgcbpro\objl\x64\17.0\v143\release\bcgpdockmanager.obj
g:\vcppwork\coolformat\bcgcbpro\objl\x64\17.0\v143\release\bcgpexplorertoolbar.obj
g:\vcppwork\coolformat\bcgcbpro\objl\x64\17.0\v143\release\bcgpganttitemstorage.obj
g:\vcppwork\coolformat\bcgcbpro\objl\x64\17.0\v143\release\bcgpganttview.obj
g:\vcppwork\coolformat\bcgcbpro\objl\x64\17.0\v143\release\bcgpgraphicsmanager.obj
g:\vcppwork\coolformat\bcgcbpro\objl\x64\17.0\v143\release\bcgpheaderctrl.obj
g:\vcppwork\coolformat\bcgcbpro\objl\x64\17.0\v143\release\bcgpinplaceedit.obj
g:\vcppwork\coolformat\bcgcbpro\objl\x64\17.0\v143\release\bcgpintellisenselb.obj
g:\vcppwork\coolformat\bcgcbpro\objl\x64\17.0\v143\release\bcgpkeyhelper.obj
g:\vcppwork\coolformat\bcgcbpro\objl\x64\17.0\v143\release\bcgpknob.obj
g:\vcppwork\coolformat\bcgcbpro\objl\x64\17.0\v143\release\bcgpmenubar.obj
g:\vcppwork\coolformat\bcgcbpro\objl\x64\17.0\v143\release\bcgpminiframewnd.obj
g:\vcppwork\coolformat\bcgcbpro\objl\x64\17.0\v143\release\bcgpolecntrframewnd.obj
g:\vcppwork\coolformat\bcgcbpro\objl\x64\17.0\v143\release\bcgpoledocipframewnd.obj
g:\vcppwork\coolformat\bcgcbpro\objl\x64\17.0\v143\release\bcgpoutlineparser.obj
g:\vcppwork\coolformat\bcgcbpro\objl\x64\17.0\v143\release\bcgpplannerdroptarget.obj
g:\vcppwork\coolformat\bcgcbpro\objl\x64\17.0\v143\release\bcgpplannerprintdual.obj
g:\vcppwork\coolformat\bcgcbpro\objl\x64\17.0\v143\release\bcgpplannerprintmonth.obj
g:\vcppwork\coolformat\bcgcbpro\objl\x64\17.0\v143\release\bcgpplannerviewweek.obj
g:\vcppwork\coolformat\bcgcbpro\objl\x64\17.0\v143\release\bcgppopupmenubar.obj
g:\vcppwork\coolformat\bcgcbpro\objl\x64\17.0\v143\release\bcgprecurrencerule.obj
g:\vcppwork\coolformat\bcgcbpro\objl\x64\17.0\v143\release\bcgpribbonbackstageview.obj
g:\vcppwork\coolformat\bcgcbpro\objl\x64\17.0\v143\release\bcgpribboncheckbox.obj
g:\vcppwork\coolformat\bcgcbpro\objl\x64\17.0\v143\release\bcgpribboncommandslistbox.obj
g:\vcppwork\coolformat\bcgcbpro\objl\x64\17.0\v143\release\bcgpribboncustomizationdata.obj
g:\vcppwork\coolformat\bcgcbpro\objl\x64\17.0\v143\release\bcgpribbonlabel.obj
g:\vcppwork\coolformat\bcgcbpro\objl\x64\17.0\v143\release\bcgpribbonpanel.obj
g:\vcppwork\coolformat\bcgcbpro\objl\x64\17.0\v143\release\bcgpribbonstatusbarpane.obj
g:\vcppwork\coolformat\bcgcbpro\objl\x64\17.0\v143\release\bcgpshellbreadcrumb.obj
g:\vcppwork\coolformat\bcgcbpro\objl\x64\17.0\v143\release\bcgpslider.obj
g:\vcppwork\coolformat\bcgcbpro\objl\x64\17.0\v143\release\bcgpsmartdockingmarker.obj
g:\vcppwork\coolformat\bcgcbpro\objl\x64\17.0\v143\release\bcgptabview.obj
g:\vcppwork\coolformat\bcgcbpro\objl\x64\17.0\v143\release\bcgptagmanager.obj
g:\vcppwork\coolformat\bcgcbpro\objl\x64\17.0\v143\release\bcgptoolbardatetimectrl.obj
g:\vcppwork\coolformat\bcgcbpro\objl\x64\17.0\v143\release\bcgptoolbarimages.obj
g:\vcppwork\coolformat\bcgcbpro\objl\x64\17.0\v143\release\bcgpusertool.obj
g:\vcppwork\coolformat\bcgcbpro\objl\x64\17.0\v143\release\bcgpvisualcollector.obj
g:\vcppwork\coolformat\bcgcbpro\objl\x64\17.0\v143\release\bcgpvisualmanagerscenic.obj
g:\vcppwork\coolformat\bcgcbpro\objl\x64\17.0\v143\release\buttonappearancedlg.obj
g:\vcppwork\coolformat\bcgcbpro\objl\x64\17.0\v143\release\keyassign.obj
g:\vcppwork\coolformat\bcgcbpro\objl\x64\17.0\v143\release\bcgcbpro.obj
g:\vcppwork\coolformat\bcgcbpro\objl\x64\17.0\v143\release\bcgpappointmentproperty.obj
g:\vcppwork\coolformat\bcgcbpro\objl\x64\17.0\v143\release\bcgpbarcontainermanager.obj
g:\vcppwork\coolformat\bcgcbpro\objl\x64\17.0\v143\release\bcgpbreadcrumb.obj
g:\vcppwork\coolformat\bcgcbpro\objl\x64\17.0\v143\release\bcgpcaptionbutton.obj
g:\vcppwork\coolformat\bcgcbpro\objl\x64\17.0\v143\release\bcgpchartimpl.obj
g:\vcppwork\coolformat\bcgcbpro\objl\x64\17.0\v143\release\bcgpchartvisualobject.obj
g:\vcppwork\coolformat\bcgcbpro\objl\x64\17.0\v143\release\bcgpdbgridctrl.obj
g:\vcppwork\coolformat\bcgcbpro\objl\x64\17.0\v143\release\bcgpdiagramvisualcontainer.obj
g:\vcppwork\coolformat\bcgcbpro\objl\x64\17.0\v143\release\bcgpdockbarrow.obj
g:\vcppwork\coolformat\bcgcbpro\objl\x64\17.0\v143\release\bcgpdropdownlist.obj
g:\vcppwork\coolformat\bcgcbpro\objl\x64\17.0\v143\release\bcgpeditview.obj
g:\vcppwork\coolformat\bcgcbpro\objl\x64\17.0\v143\release\bcgpfontcombobox.obj
g:\vcppwork\coolformat\bcgcbpro\objl\x64\17.0\v143\release\bcgpganttgrid.obj
g:\vcppwork\coolformat\bcgcbpro\objl\x64\17.0\v143\release\bcgpgesturemanager.obj
g:\vcppwork\coolformat\bcgcbpro\objl\x64\17.0\v143\release\bcgpglobalutils.obj
g:\vcppwork\coolformat\bcgcbpro\objl\x64\17.0\v143\release\bcgpgridview.obj
g:\vcppwork\coolformat\bcgcbpro\objl\x64\17.0\v143\release\bcgpinplacetooltipctrl.obj
g:\vcppwork\coolformat\bcgcbpro\objl\x64\17.0\v143\release\bcgpintellisensewnd.obj
g:\vcppwork\coolformat\bcgcbpro\objl\x64\17.0\v143\release\bcgpkeymapdlg.obj
g:\vcppwork\coolformat\bcgcbpro\objl\x64\17.0\v143\release\bcgpmath.obj
g:\vcppwork\coolformat\bcgcbpro\objl\x64\17.0\v143\release\bcgpmenupage.obj
g:\vcppwork\coolformat\bcgcbpro\objl\x64\17.0\v143\release\bcgpwinuitiles.obj
g:\vcppwork\coolformat\bcgcbpro\objl\x64\17.0\v143\release\bcgpoutlookbutton.obj
g:\vcppwork\coolformat\bcgcbpro\objl\x64\17.0\v143\release\bcgpplannerviewmonth.obj
g:\vcppwork\coolformat\bcgcbpro\objl\x64\17.0\v143\release\bcgppowercolorpicker.obj
g:\vcppwork\coolformat\bcgcbpro\objl\x64\17.0\v143\release\bcgppropertysheet.obj
g:\vcppwork\coolformat\bcgcbpro\objl\x64\17.0\v143\release\bcgpribbonbackstagepagerecent.obj
g:\vcppwork\coolformat\bcgcbpro\objl\x64\17.0\v143\release\bcgpribbonbar.obj
g:\vcppwork\coolformat\bcgcbpro\objl\x64\17.0\v143\release\bcgpribbonfloaty.obj
g:\vcppwork\coolformat\bcgcbpro\objl\x64\17.0\v143\release\bcgpribbonitemdlg.obj
g:\vcppwork\coolformat\bcgcbpro\objl\x64\17.0\v143\release\bcgpribbonpalettebutton.obj
g:\vcppwork\coolformat\bcgcbpro\objl\x64\17.0\v143\release\bcgpribbontoolspage.obj
g:\vcppwork\coolformat\bcgcbpro\objl\x64\17.0\v143\release\bcgpselectskindlg.obj
g:\vcppwork\coolformat\bcgcbpro\objl\x64\17.0\v143\release\bcgpsplitterwnd.obj
g:\vcppwork\coolformat\bcgcbpro\objl\x64\17.0\v143\release\bcgptabbedcontrolbar.obj
g:\vcppwork\coolformat\bcgcbpro\objl\x64\17.0\v143\release\bcgptaskpaneminiframewnd.obj
g:\vcppwork\coolformat\bcgcbpro\objl\x64\17.0\v143\release\bcgptextgaugeimpl.obj
g:\vcppwork\coolformat\bcgcbpro\objl\x64\17.0\v143\release\bcgptoolbarcustomize.obj
g:\vcppwork\coolformat\bcgcbpro\objl\x64\17.0\v143\release\bcgptreectrl.obj
g:\vcppwork\coolformat\bcgcbpro\objl\x64\17.0\v143\release\bcgpvisualinfo.obj
g:\vcppwork\coolformat\bcgcbpro\objl\x64\17.0\v143\release\bcgpvisualmanagervs2008.obj
g:\vcppwork\coolformat\bcgcbpro\objl\x64\17.0\v143\release\bcgpwinxpvisualmanager.obj
g:\vcppwork\coolformat\bcgcbpro\objl\x64\17.0\v143\release\customizebutton.obj
g:\vcppwork\coolformat\bcgcbpro\objl\x64\17.0\v143\release\trackmouse.obj
g:\vcppwork\coolformat\bcgcbpro\objl\x64\17.0\v143\release\bcgpanimctrl.obj
g:\vcppwork\coolformat\bcgcbpro\objl\x64\17.0\v143\release\bcgpautohidetoolbar.obj
g:\vcppwork\coolformat\bcgcbpro\objl\x64\17.0\v143\release\bcgpbaseinfo.obj
g:\vcppwork\coolformat\bcgcbpro\objl\x64\17.0\v143\release\bcgpcalendarbar.obj
g:\vcppwork\coolformat\bcgcbpro\objl\x64\17.0\v143\release\bcgpchartshape3d.obj
g:\vcppwork\coolformat\bcgcbpro\objl\x64\17.0\v143\release\bcgpcolordialog.obj
g:\vcppwork\coolformat\bcgcbpro\objl\x64\17.0\v143\release\bcgpcustomizemenubutton.obj
g:\vcppwork\coolformat\bcgcbpro\objl\x64\17.0\v143\release\bcgpdiagramview.obj
g:\vcppwork\coolformat\bcgcbpro\objl\x64\17.0\v143\release\bcgpdockingcbwrapper.obj
g:\vcppwork\coolformat\bcgcbpro\objl\x64\17.0\v143\release\bcgpdropdown.obj
g:\vcppwork\coolformat\bcgcbpro\objl\x64\17.0\v143\release\bcgpeditctrl.obj
g:\vcppwork\coolformat\bcgcbpro\objl\x64\17.0\v143\release\bcgpganttitem.obj
g:\vcppwork\coolformat\bcgcbpro\objl\x64\17.0\v143\release\bcgpganttrenderer.obj
g:\vcppwork\coolformat\bcgcbpro\objl\x64\17.0\v143\release\bcgpgaugeimpl.obj
g:\vcppwork\coolformat\bcgcbpro\objl\x64\17.0\v143\release\bcgpgraphicsmanagergdi.obj
g:\vcppwork\coolformat\bcgcbpro\objl\x64\17.0\v143\release\bcgpgroup.obj
g:\vcppwork\coolformat\bcgcbpro\objl\x64\17.0\v143\release\bcgpimageprocessing.obj
g:\vcppwork\coolformat\bcgcbpro\objl\x64\17.0\v143\release\bcgplayout.obj
g:\vcppwork\coolformat\bcgcbpro\objl\x64\17.0\v143\release\bcgpmdiframewnd.obj
g:\vcppwork\coolformat\bcgcbpro\objl\x64\17.0\v143\release\bcgpmousemanager.obj
g:\vcppwork\coolformat\bcgcbpro\objl\x64\17.0\v143\release\bcgpmultiminiframewnd.obj
g:\vcppwork\coolformat\bcgcbpro\objl\x64\17.0\v143\release\bcgpodbcgridctrl.obj
g:\vcppwork\coolformat\bcgcbpro\objl\x64\17.0\v143\release\bcgpoutlookbarpane.obj
g:\vcppwork\coolformat\bcgcbpro\objl\x64\17.0\v143\release\bcgppopupdlg.obj
g:\vcppwork\coolformat\bcgcbpro\objl\x64\17.0\v143\release\bcgppopupwindow.obj
g:\vcppwork\coolformat\bcgcbpro\objl\x64\17.0\v143\release\bcgprebarstate.obj
g:\vcppwork\coolformat\bcgcbpro\objl\x64\17.0\v143\release\bcgprecurrencerules.obj
g:\vcppwork\coolformat\bcgcbpro\objl\x64\17.0\v143\release\bcgpribbonbutton.obj
g:\vcppwork\coolformat\bcgcbpro\objl\x64\17.0\v143\release\bcgpribbonelementhostctrl.obj
g:\vcppwork\coolformat\bcgcbpro\objl\x64\17.0\v143\release\bcgpribbonkeyboardcustomizedlg.obj
g:\vcppwork\coolformat\bcgcbpro\objl\x64\17.0\v143\release\bcgpribbonprogressbar.obj
g:\vcppwork\coolformat\bcgcbpro\objl\x64\17.0\v143\release\bcgpribbonslider.obj
g:\vcppwork\coolformat\bcgcbpro\objl\x64\17.0\v143\release\bcgpscrollbar.obj
g:\vcppwork\coolformat\bcgcbpro\objl\x64\17.0\v143\release\bcgpshowallbutton.obj
g:\vcppwork\coolformat\bcgcbpro\objl\x64\17.0\v143\release\bcgpsmartdockingmanager.obj
g:\vcppwork\coolformat\bcgcbpro\objl\x64\17.0\v143\release\bcgpspinbuttonctrl.obj
g:\vcppwork\coolformat\bcgcbpro\objl\x64\17.0\v143\release\bcgptabbedtoolbar.obj
g:\vcppwork\coolformat\bcgcbpro\objl\x64\17.0\v143\release\bcgptaskspane.obj
g:\vcppwork\coolformat\bcgcbpro\objl\x64\17.0\v143\release\bcgptoolbareditboxbutton.obj
g:\vcppwork\coolformat\bcgcbpro\objl\x64\17.0\v143\release\bcgptreemap.obj
g:\vcppwork\coolformat\bcgcbpro\objl\x64\17.0\v143\release\bcgpvisualmanager2007.obj
g:\vcppwork\coolformat\bcgcbpro\objl\x64\17.0\v143\release\bcgpwnd.obj
g:\vcppwork\coolformat\bcgcbpro\objl\x64\17.0\v143\release\buttonstextlist.obj
g:\vcppwork\coolformat\bcgcbpro\objl\x64\17.0\v143\release\cmdusagecount.obj
g:\vcppwork\coolformat\bcgcbpro\objl\x64\17.0\v143\release\colorpage1.obj
g:\vcppwork\coolformat\bcgcbpro\objl\x64\17.0\v143\release\colorpage2.obj
g:\vcppwork\coolformat\bcgcbpro\objl\x64\17.0\v143\release\imagepaintarea.obj
g:\vcppwork\coolformat\bcgcbpro\objl\x64\17.0\v143\release\bcgpappointmentds.obj
g:\vcppwork\coolformat\bcgcbpro\objl\x64\17.0\v143\release\bcgpappointmentstorage.obj
g:\vcppwork\coolformat\bcgcbpro\objl\x64\17.0\v143\release\bcgpbaseribbonelement.obj
g:\vcppwork\coolformat\bcgcbpro\objl\x64\17.0\v143\release\bcgpcaptionbar.obj
g:\vcppwork\coolformat\bcgcbpro\objl\x64\17.0\v143\release\bcgpchartaxis.obj
g:\vcppwork\coolformat\bcgcbpro\objl\x64\17.0\v143\release\bcgpcolorbutton.obj
g:\vcppwork\coolformat\bcgcbpro\objl\x64\17.0\v143\release\bcgpcolorindicatorimpl.obj
g:\vcppwork\coolformat\bcgcbpro\objl\x64\17.0\v143\release\bcgpcontrolbarimpl.obj
g:\vcppwork\coolformat\bcgcbpro\objl\x64\17.0\v143\release\bcgpdiagramconnector.obj
g:\vcppwork\coolformat\bcgcbpro\objl\x64\17.0\v143\release\bcgpdiagramvisualconstructor.obj
g:\vcppwork\coolformat\bcgcbpro\objl\x64\17.0\v143\release\bcgpdiagramvisualobject.obj
g:\vcppwork\coolformat\bcgcbpro\objl\x64\17.0\v143\release\bcgpdockingcontrolbar.obj
g:\vcppwork\coolformat\bcgcbpro\objl\x64\17.0\v143\release\bcgpexchecklist.obj
g:\vcppwork\coolformat\bcgcbpro\objl\x64\17.0\v143\release\bcgpframeimpl.obj
g:\vcppwork\coolformat\bcgcbpro\objl\x64\17.0\v143\release\bcgpgridctrl.obj
g:\vcppwork\coolformat\bcgcbpro\objl\x64\17.0\v143\release\bcgppagetransitionmanager.obj
g:\vcppwork\coolformat\bcgcbpro\objl\x64\17.0\v143\release\bcgpvisualmanager2013.obj
g:\vcppwork\coolformat\bcgcbpro\objl\x64\17.0\v143\release\bcgpplannerdropsource.obj
g:\vcppwork\coolformat\bcgcbpro\objl\x64\17.0\v143\release\bcgpplannermanagerctrl.obj
g:\vcppwork\coolformat\bcgcbpro\objl\x64\17.0\v143\release\bcgpplannerviewworkweek.obj
g:\vcppwork\coolformat\bcgcbpro\objl\x64\17.0\v143\release\bcgpprintpreviewctrl.obj
g:\vcppwork\coolformat\bcgcbpro\objl\x64\17.0\v143\release\bcgprebar.obj
g:\vcppwork\coolformat\bcgcbpro\objl\x64\17.0\v143\release\bcgprecentdockinfo.obj
g:\vcppwork\coolformat\bcgcbpro\objl\x64\17.0\v143\release\bcgpregistry.obj
g:\vcppwork\coolformat\bcgcbpro\objl\x64\17.0\v143\release\bcgpreportview.obj
g:\vcppwork\coolformat\bcgcbpro\objl\x64\17.0\v143\release\bcgpribboncategory.obj
g:\vcppwork\coolformat\bcgcbpro\objl\x64\17.0\v143\release\bcgpribbonconstructor.obj
g:\vcppwork\coolformat\bcgcbpro\objl\x64\17.0\v143\release\bcgpribbonhyperlink.obj
g:\vcppwork\coolformat\bcgcbpro\objl\x64\17.0\v143\release\bcgpribboninfoloader.obj
g:\vcppwork\coolformat\bcgcbpro\objl\x64\17.0\v143\release\bcgpribbonpanelmenu.obj
g:\vcppwork\coolformat\bcgcbpro\objl\x64\17.0\v143\release\bcgpribbontreectrl.obj
g:\vcppwork\coolformat\bcgcbpro\objl\x64\17.0\v143\release\bcgpsound.obj
g:\vcppwork\coolformat\bcgcbpro\objl\x64\17.0\v143\release\bcgpstatic.obj
g:\vcppwork\coolformat\bcgcbpro\objl\x64\17.0\v143\release\bcgptabwnd.obj
g:\vcppwork\coolformat\bcgcbpro\objl\x64\17.0\v143\release\bcgptoolbarbutton.obj
g:\vcppwork\coolformat\bcgcbpro\objl\x64\17.0\v143\release\bcgptoolbarmenubutton.obj
g:\vcppwork\coolformat\bcgcbpro\objl\x64\17.0\v143\release\bcgpvisualctrl.obj
g:\vcppwork\coolformat\bcgcbpro\objl\x64\17.0\v143\release\bcgpvisualmanager2010.obj
g:\vcppwork\coolformat\bcgcbpro\objl\x64\17.0\v143\release\bcgpvisualmanagerxp.obj
g:\vcppwork\coolformat\bcgcbpro\objl\x64\17.0\v143\release\propertysheetctrl.obj
g:\vcppwork\coolformat\bcgcbpro\objl\x64\17.0\v143\release\pngget.obj
g:\vcppwork\coolformat\bcgcbpro\objl\x64\17.0\v143\release\pngset.obj
g:\vcppwork\coolformat\bcgcbpro\objl\x64\17.0\v143\release\inffast.obj
g:\vcppwork\coolformat\bcgcbpro\objl\x64\17.0\v143\release\zutil.obj
g:\vcppwork\coolformat\bcgcbpro\objl\x64\17.0\v143\release\pngread.obj
g:\vcppwork\coolformat\bcgcbpro\objl\x64\17.0\v143\release\pngrutil.obj
g:\vcppwork\coolformat\bcgcbpro\objl\x64\17.0\v143\release\inflate.obj
g:\vcppwork\coolformat\bcgcbpro\objl\x64\17.0\v143\release\pnggccrd.obj
g:\vcppwork\coolformat\bcgcbpro\objl\x64\17.0\v143\release\pngwrite.obj
g:\vcppwork\coolformat\bcgcbpro\objl\x64\17.0\v143\release\compress.obj
g:\vcppwork\coolformat\bcgcbpro\objl\x64\17.0\v143\release\inftrees.obj
g:\vcppwork\coolformat\bcgcbpro\objl\x64\17.0\v143\release\pngerror.obj
g:\vcppwork\coolformat\bcgcbpro\objl\x64\17.0\v143\release\pngtrans.obj
g:\vcppwork\coolformat\bcgcbpro\objl\x64\17.0\v143\release\pngwutil.obj
g:\vcppwork\coolformat\bcgcbpro\objl\x64\17.0\v143\release\png.obj
g:\vcppwork\coolformat\bcgcbpro\objl\x64\17.0\v143\release\pngtest.obj
g:\vcppwork\coolformat\bcgcbpro\objl\x64\17.0\v143\release\pngwtran.obj
g:\vcppwork\coolformat\bcgcbpro\objl\x64\17.0\v143\release\pngpread.obj
g:\vcppwork\coolformat\bcgcbpro\objl\x64\17.0\v143\release\pngwio.obj
g:\vcppwork\coolformat\bcgcbpro\objl\x64\17.0\v143\release\adler32.obj
g:\vcppwork\coolformat\bcgcbpro\objl\x64\17.0\v143\release\trees.obj
g:\vcppwork\coolformat\bcgcbpro\objl\x64\17.0\v143\release\pngmem.obj
g:\vcppwork\coolformat\bcgcbpro\objl\x64\17.0\v143\release\pngvcrd.obj
g:\vcppwork\coolformat\bcgcbpro\objl\x64\17.0\v143\release\deflate.obj
g:\vcppwork\coolformat\bcgcbpro\objl\x64\17.0\v143\release\pngrio.obj
g:\vcppwork\coolformat\bcgcbpro\objl\x64\17.0\v143\release\pngrtran.obj
g:\vcppwork\coolformat\bcgcbpro\objl\x64\17.0\v143\release\crc32.obj
g:\vcppwork\coolformat\bin64\bcgcbpro2510143.dll
g:\vcppwork\coolformat\bin64\bcgcbpro2510143.lib
g:\vcppwork\coolformat\bin64\bcgcbpro2510143.exp
g:\vcppwork\coolformat\bcgcbpro\objl\x64\17.0\v143\release\bcgcbpro.res
g:\vcppwork\coolformat\bcgcbpro\objl\x64\17.0\v143\release\bcgcbpro140.tlog\cl.command.1.tlog
g:\vcppwork\coolformat\bcgcbpro\objl\x64\17.0\v143\release\bcgcbpro140.tlog\cl.items.tlog
g:\vcppwork\coolformat\bcgcbpro\objl\x64\17.0\v143\release\bcgcbpro140.tlog\cl.read.1.tlog
g:\vcppwork\coolformat\bcgcbpro\objl\x64\17.0\v143\release\bcgcbpro140.tlog\cl.write.1.tlog
g:\vcppwork\coolformat\bcgcbpro\objl\x64\17.0\v143\release\bcgcbpro140.tlog\link.command.1.tlog
g:\vcppwork\coolformat\bcgcbpro\objl\x64\17.0\v143\release\bcgcbpro140.tlog\link.read.1.tlog
g:\vcppwork\coolformat\bcgcbpro\objl\x64\17.0\v143\release\bcgcbpro140.tlog\link.write.1.tlog
g:\vcppwork\coolformat\bcgcbpro\objl\x64\17.0\v143\release\bcgcbpro140.tlog\link.write.2u.tlog
g:\vcppwork\coolformat\bcgcbpro\objl\x64\17.0\v143\release\bcgcbpro140.tlog\rc.command.1.tlog
g:\vcppwork\coolformat\bcgcbpro\objl\x64\17.0\v143\release\bcgcbpro140.tlog\rc.read.1.tlog
g:\vcppwork\coolformat\bcgcbpro\objl\x64\17.0\v143\release\bcgcbpro140.tlog\rc.write.1.tlog
