e:\vcppwork\coolformat\bin\bcgcbpro2510142.lib
e:\vcppwork\coolformat\bin\bcgcbpro2510142.exp
e:\vcppwork\coolformat\bcgcbpro\objl\win32\16.0\v142\release\bcgcbpro2510142.pch
e:\vcppwork\coolformat\bin\bcgcbpro2510142.pdb
e:\vcppwork\coolformat\bcgcbpro\objl\win32\16.0\v142\release\stdafx.obj
e:\vcppwork\coolformat\bcgcbpro\objl\win32\16.0\v142\release\bcgpanalogclock.obj
e:\vcppwork\coolformat\bcgcbpro\objl\win32\16.0\v142\release\bcgpbasetabwnd.obj
e:\vcppwork\coolformat\bcgcbpro\objl\win32\16.0\v142\release\bcgpcalendarbar.obj
e:\vcppwork\coolformat\bcgcbpro\objl\win32\16.0\v142\release\bcgpchartlegend.obj
e:\vcppwork\coolformat\bcgcbpro\objl\win32\16.0\v142\release\bcgpcolordialog.obj
e:\vcppwork\coolformat\bcgcbpro\objl\win32\16.0\v142\release\bcgpcustomizemenubutton.obj
e:\vcppwork\coolformat\bcgcbpro\objl\win32\16.0\v142\release\bcgpdhtmldialog.obj
e:\vcppwork\coolformat\bcgcbpro\objl\win32\16.0\v142\release\bcgpdlgimpl.obj
e:\vcppwork\coolformat\bcgcbpro\objl\win32\16.0\v142\release\bcgpedit.obj
e:\vcppwork\coolformat\bcgcbpro\objl\win32\16.0\v142\release\bcgpengine3d.obj
e:\vcppwork\coolformat\bcgcbpro\objl\win32\16.0\v142\release\bcgpframewnd.obj
e:\vcppwork\coolformat\bcgcbpro\objl\win32\16.0\v142\release\bcgpgesturemanager.obj
e:\vcppwork\coolformat\bcgcbpro\objl\win32\16.0\v142\release\bcgpgridctrl.obj
e:\vcppwork\coolformat\bcgcbpro\objl\win32\16.0\v142\release\bcgplinestylecombobox.obj
e:\vcppwork\coolformat\bcgcbpro\objl\win32\16.0\v142\release\bcgpmaskedit.obj
e:\vcppwork\coolformat\bcgcbpro\objl\win32\16.0\v142\release\bcgppagetransitionmanager.obj
e:\vcppwork\coolformat\bcgcbpro\objl\win32\16.0\v142\release\bcgpshadowmanager.obj
e:\vcppwork\coolformat\bcgcbpro\objl\win32\16.0\v142\release\bcgpmousepage.obj
e:\vcppwork\coolformat\bcgcbpro\objl\win32\16.0\v142\release\bcgpoleipframewnd.obj
e:\vcppwork\coolformat\bcgcbpro\objl\win32\16.0\v142\release\bcgpoutlookbar.obj
e:\vcppwork\coolformat\bcgcbpro\objl\win32\16.0\v142\release\bcgpplannerprintmonth.obj
e:\vcppwork\coolformat\bcgcbpro\objl\win32\16.0\v142\release\bcgpplannerviewworkweek.obj
e:\vcppwork\coolformat\bcgcbpro\objl\win32\16.0\v142\release\bcgppopupmenubar.obj
e:\vcppwork\coolformat\bcgcbpro\objl\win32\16.0\v142\release\bcgprebarstate.obj
e:\vcppwork\coolformat\bcgcbpro\objl\win32\16.0\v142\release\bcgpregistry.obj
e:\vcppwork\coolformat\bcgcbpro\objl\win32\16.0\v142\release\bcgpreportctrl.obj
e:\vcppwork\coolformat\bcgcbpro\objl\win32\16.0\v142\release\bcgpribbonbar.obj
e:\vcppwork\coolformat\bcgcbpro\objl\win32\16.0\v142\release\bcgpribbonelementhostctrl.obj
e:\vcppwork\coolformat\bcgcbpro\objl\win32\16.0\v142\release\bcgpribboninfo.obj
e:\vcppwork\coolformat\bcgcbpro\objl\win32\16.0\v142\release\bcgpribbonquickstepsbutton.obj
e:\vcppwork\coolformat\bcgcbpro\objl\win32\16.0\v142\release\bcgpribbontoolspage.obj
e:\vcppwork\coolformat\bcgcbpro\objl\win32\16.0\v142\release\bcgpsdplacemarkerwnd.obj
e:\vcppwork\coolformat\bcgcbpro\objl\win32\16.0\v142\release\bcgpshellmanager.obj
e:\vcppwork\coolformat\bcgcbpro\objl\win32\16.0\v142\release\bcgpshowallbutton.obj
e:\vcppwork\coolformat\bcgcbpro\objl\win32\16.0\v142\release\bcgpsmartdockingmarker.obj
e:\vcppwork\coolformat\bcgcbpro\objl\win32\16.0\v142\release\bcgpstatic.obj
e:\vcppwork\coolformat\bcgcbpro\objl\win32\16.0\v142\release\bcgptabbedtoolbar.obj
e:\vcppwork\coolformat\bcgcbpro\objl\win32\16.0\v142\release\bcgptaskpaneminiframewnd.obj
e:\vcppwork\coolformat\bcgcbpro\objl\win32\16.0\v142\release\bcgptoolbar.obj
e:\vcppwork\coolformat\bcgcbpro\objl\win32\16.0\v142\release\bcgptoolbox.obj
e:\vcppwork\coolformat\bcgcbpro\objl\win32\16.0\v142\release\bcgptreemap.obj
e:\vcppwork\coolformat\bcgcbpro\objl\win32\16.0\v142\release\bcgpvisualmanager.obj
e:\vcppwork\coolformat\bcgcbpro\objl\win32\16.0\v142\release\bcgpvisualmanagervs2012.obj
e:\vcppwork\coolformat\bcgcbpro\objl\win32\16.0\v142\release\buttonslist.obj
e:\vcppwork\coolformat\bcgcbpro\objl\win32\16.0\v142\release\calendarpopup.obj
e:\vcppwork\coolformat\bcgcbpro\objl\win32\16.0\v142\release\keyassign.obj
e:\vcppwork\coolformat\bcgcbpro\objl\win32\16.0\v142\release\propertysheetctrl.obj
e:\vcppwork\coolformat\bcgcbpro\objl\win32\16.0\v142\release\bcgcbpro.obj
e:\vcppwork\coolformat\bcgcbpro\objl\win32\16.0\v142\release\bcgpappointmentproperty.obj
e:\vcppwork\coolformat\bcgcbpro\objl\win32\16.0\v142\release\bcgpautohidetoolbar.obj
e:\vcppwork\coolformat\bcgcbpro\objl\win32\16.0\v142\release\bcgpbasetabbedbar.obj
e:\vcppwork\coolformat\bcgcbpro\objl\win32\16.0\v142\release\bcgpcalculator.obj
e:\vcppwork\coolformat\bcgcbpro\objl\win32\16.0\v142\release\bcgpchartformula.obj
e:\vcppwork\coolformat\bcgcbpro\objl\win32\16.0\v142\release\bcgpcirculargaugeimpl.obj
e:\vcppwork\coolformat\bcgcbpro\objl\win32\16.0\v142\release\bcgpcolormenubutton.obj
e:\vcppwork\coolformat\bcgcbpro\objl\win32\16.0\v142\release\bcgpdatetimectrl.obj
e:\vcppwork\coolformat\bcgcbpro\objl\win32\16.0\v142\release\bcgpdiagramview.obj
e:\vcppwork\coolformat\bcgcbpro\objl\win32\16.0\v142\release\bcgpdockbarrow.obj
e:\vcppwork\coolformat\bcgcbpro\objl\win32\16.0\v142\release\bcgpdockingcontrolbar.obj
e:\vcppwork\coolformat\bcgcbpro\objl\win32\16.0\v142\release\bcgpeditbrushdlg.obj
e:\vcppwork\coolformat\bcgcbpro\objl\win32\16.0\v142\release\bcgpengine3dopengl.obj
e:\vcppwork\coolformat\bcgcbpro\objl\win32\16.0\v142\release\bcgpfullscreenimpl.obj
e:\vcppwork\coolformat\bcgcbpro\objl\win32\16.0\v142\release\bcgpglobalutils.obj
e:\vcppwork\coolformat\bcgcbpro\objl\win32\16.0\v142\release\bcgpheaderctrl.obj
e:\vcppwork\coolformat\bcgcbpro\objl\win32\16.0\v142\release\bcgpimageprocessing.obj
e:\vcppwork\coolformat\bcgcbpro\objl\win32\16.0\v142\release\bcgpkeyhelper.obj
e:\vcppwork\coolformat\bcgcbpro\objl\win32\16.0\v142\release\bcgpknob.obj
e:\vcppwork\coolformat\bcgcbpro\objl\win32\16.0\v142\release\bcgplocalres.obj
e:\vcppwork\coolformat\bcgcbpro\objl\win32\16.0\v142\release\bcgpmdichildwnd.obj
e:\vcppwork\coolformat\bcgcbpro\objl\win32\16.0\v142\release\bcgpmousemanager.obj
e:\vcppwork\coolformat\bcgcbpro\objl\win32\16.0\v142\release\bcgpnumericindicatorimpl.obj
e:\vcppwork\coolformat\bcgcbpro\objl\win32\16.0\v142\release\bcgpoutlineparser.obj
e:\vcppwork\coolformat\bcgcbpro\objl\win32\16.0\v142\release\bcgpoutlookwnd.obj
e:\vcppwork\coolformat\bcgcbpro\objl\win32\16.0\v142\release\bcgpplannerprint.obj
e:\vcppwork\coolformat\bcgcbpro\objl\win32\16.0\v142\release\bcgpplannerview.obj
e:\vcppwork\coolformat\bcgcbpro\objl\win32\16.0\v142\release\bcgpprogressctrl.obj
e:\vcppwork\coolformat\bcgcbpro\objl\win32\16.0\v142\release\bcgpprogressdlg.obj
e:\vcppwork\coolformat\bcgcbpro\objl\win32\16.0\v142\release\bcgprecentdockinfo.obj
e:\vcppwork\coolformat\bcgcbpro\objl\win32\16.0\v142\release\bcgprecurrencerules.obj
e:\vcppwork\coolformat\bcgcbpro\objl\win32\16.0\v142\release\bcgpribbonbackstagepagerecent.obj
e:\vcppwork\coolformat\bcgcbpro\objl\win32\16.0\v142\release\bcgpribboncheckbox.obj
e:\vcppwork\coolformat\bcgcbpro\objl\win32\16.0\v142\release\bcgpribboncollector.obj
e:\vcppwork\coolformat\bcgcbpro\objl\win32\16.0\v142\release\bcgpribboncustomizepage.obj
e:\vcppwork\coolformat\bcgcbpro\objl\win32\16.0\v142\release\bcgpribbonitemdlg.obj
e:\vcppwork\coolformat\bcgcbpro\objl\win32\16.0\v142\release\bcgpribbonkeytip.obj
e:\vcppwork\coolformat\bcgcbpro\objl\win32\16.0\v142\release\bcgpribbonpanelmenu.obj
e:\vcppwork\coolformat\bcgcbpro\objl\win32\16.0\v142\release\bcgpribbontreectrl.obj
e:\vcppwork\coolformat\bcgcbpro\objl\win32\16.0\v142\release\bcgpsmartdockingmanager.obj
e:\vcppwork\coolformat\bcgcbpro\objl\win32\16.0\v142\release\bcgpstatusbar.obj
e:\vcppwork\coolformat\bcgcbpro\objl\win32\16.0\v142\release\bcgptearoffmanager.obj
e:\vcppwork\coolformat\bcgcbpro\objl\win32\16.0\v142\release\bcgptoolbarcomboboxbutton.obj
e:\vcppwork\coolformat\bcgcbpro\objl\win32\16.0\v142\release\bcgptoolbarspineditboxbutton.obj
e:\vcppwork\coolformat\bcgcbpro\objl\win32\16.0\v142\release\bcgptooltipmanager.obj
e:\vcppwork\coolformat\bcgcbpro\objl\win32\16.0\v142\release\bcgpurllinkbutton.obj
e:\vcppwork\coolformat\bcgcbpro\objl\win32\16.0\v142\release\bcgpvisualconstructor.obj
e:\vcppwork\coolformat\bcgcbpro\objl\win32\16.0\v142\release\bcgpvisualmanagerscenic.obj
e:\vcppwork\coolformat\bcgcbpro\objl\win32\16.0\v142\release\bcgpwinxpvisualmanager.obj
e:\vcppwork\coolformat\bcgcbpro\objl\win32\16.0\v142\release\customizebutton.obj
e:\vcppwork\coolformat\bcgcbpro\objl\win32\16.0\v142\release\menuhash.obj
e:\vcppwork\coolformat\bcgcbpro\objl\win32\16.0\v142\release\trackmouse.obj
e:\vcppwork\coolformat\bcgcbpro\objl\win32\16.0\v142\release\bcgpappointmentds.obj
e:\vcppwork\coolformat\bcgcbpro\objl\win32\16.0\v142\release\bcgpappointmentstorage.obj
e:\vcppwork\coolformat\bcgcbpro\objl\win32\16.0\v142\release\bcgpbaseinfo.obj
e:\vcppwork\coolformat\bcgcbpro\objl\win32\16.0\v142\release\bcgpbutton.obj
e:\vcppwork\coolformat\bcgcbpro\objl\win32\16.0\v142\release\bcgpchartobject.obj
e:\vcppwork\coolformat\bcgcbpro\objl\win32\16.0\v142\release\bcgpcolorbutton.obj
e:\vcppwork\coolformat\bcgcbpro\objl\win32\16.0\v142\release\bcgpcontrolrenderer.obj
e:\vcppwork\coolformat\bcgcbpro\objl\win32\16.0\v142\release\bcgpdiagramvisualcontainer.obj
e:\vcppwork\coolformat\bcgcbpro\objl\win32\16.0\v142\release\bcgpdropdownlist.obj
e:\vcppwork\coolformat\bcgcbpro\objl\win32\16.0\v142\release\bcgpfontcombobox.obj
e:\vcppwork\coolformat\bcgcbpro\objl\win32\16.0\v142\release\bcgpganttitemstorage.obj
e:\vcppwork\coolformat\bcgcbpro\objl\win32\16.0\v142\release\bcgpgraphicsmanagerd2d.obj
e:\vcppwork\coolformat\bcgcbpro\objl\win32\16.0\v142\release\bcgpgroup.obj
e:\vcppwork\coolformat\bcgcbpro\objl\win32\16.0\v142\release\bcgpimagegaugeimpl.obj
e:\vcppwork\coolformat\bcgcbpro\objl\win32\16.0\v142\release\bcgplistbox.obj
e:\vcppwork\coolformat\bcgcbpro\objl\win32\16.0\v142\release\bcgpmenupage.obj
e:\vcppwork\coolformat\bcgcbpro\objl\win32\16.0\v142\release\bcgpwindowsnavigator.obj
e:\vcppwork\coolformat\bcgcbpro\objl\win32\16.0\v142\release\bcgpoutlookbardockingpane.obj
e:\vcppwork\coolformat\bcgcbpro\objl\win32\16.0\v142\release\bcgpplannermanagerctrl.obj
e:\vcppwork\coolformat\bcgcbpro\objl\win32\16.0\v142\release\bcgpplannerviewmulti.obj
e:\vcppwork\coolformat\bcgcbpro\objl\win32\16.0\v142\release\bcgppowercolorpicker.obj
e:\vcppwork\coolformat\bcgcbpro\objl\win32\16.0\v142\release\bcgppropertypage.obj
e:\vcppwork\coolformat\bcgcbpro\objl\win32\16.0\v142\release\bcgpribbonbackstageview.obj
e:\vcppwork\coolformat\bcgcbpro\objl\win32\16.0\v142\release\bcgpribboncolorbutton.obj
e:\vcppwork\coolformat\bcgcbpro\objl\win32\16.0\v142\release\bcgpribboncustomizeqatpage.obj
e:\vcppwork\coolformat\bcgcbpro\objl\win32\16.0\v142\release\bcgpribbonlabel.obj
e:\vcppwork\coolformat\bcgcbpro\objl\win32\16.0\v142\release\bcgpribbonslider.obj
e:\vcppwork\coolformat\bcgcbpro\objl\win32\16.0\v142\release\bcgpribbonstatusbarpane.obj
e:\vcppwork\coolformat\bcgcbpro\objl\win32\16.0\v142\release\bcgpshellbreadcrumb.obj
e:\vcppwork\coolformat\bcgcbpro\objl\win32\16.0\v142\release\bcgpslider.obj
e:\vcppwork\coolformat\bcgcbpro\objl\win32\16.0\v142\release\bcgpsplitterwnd.obj
e:\vcppwork\coolformat\bcgcbpro\objl\win32\16.0\v142\release\bcgptabview.obj
e:\vcppwork\coolformat\bcgcbpro\objl\win32\16.0\v142\release\bcgptaskspane.obj
e:\vcppwork\coolformat\bcgcbpro\objl\win32\16.0\v142\release\bcgptoolbarfontcombo.obj
e:\vcppwork\coolformat\bcgcbpro\objl\win32\16.0\v142\release\bcgptoolbarsystemmenubutton.obj
e:\vcppwork\coolformat\bcgcbpro\objl\win32\16.0\v142\release\bcgpusertool.obj
e:\vcppwork\coolformat\bcgcbpro\objl\win32\16.0\v142\release\bcgpvisualinfo.obj
e:\vcppwork\coolformat\bcgcbpro\objl\win32\16.0\v142\release\bcgpvisualmanagervs2008.obj
e:\vcppwork\coolformat\bcgcbpro\objl\win32\16.0\v142\release\buttonstextlist.obj
e:\vcppwork\coolformat\bcgcbpro\objl\win32\16.0\v142\release\colorpage1.obj
e:\vcppwork\coolformat\bcgcbpro\objl\win32\16.0\v142\release\bcgpappointment.obj
e:\vcppwork\coolformat\bcgcbpro\objl\win32\16.0\v142\release\bcgpbreadcrumb.obj
e:\vcppwork\coolformat\bcgcbpro\objl\win32\16.0\v142\release\bcgpcalendarmenubutton.obj
e:\vcppwork\coolformat\bcgcbpro\objl\win32\16.0\v142\release\bcgpchartaxis.obj
e:\vcppwork\coolformat\bcgcbpro\objl\win32\16.0\v142\release\bcgpchartvisualobject.obj
e:\vcppwork\coolformat\bcgcbpro\objl\win32\16.0\v142\release\bcgpcombobox.obj
e:\vcppwork\coolformat\bcgcbpro\objl\win32\16.0\v142\release\bcgpcontrolbar.obj
e:\vcppwork\coolformat\bcgcbpro\objl\win32\16.0\v142\release\bcgpdiagramshape.obj
e:\vcppwork\coolformat\bcgcbpro\objl\win32\16.0\v142\release\bcgpdockingcbwrapper.obj
e:\vcppwork\coolformat\bcgcbpro\objl\win32\16.0\v142\release\bcgpdockmanager.obj
e:\vcppwork\coolformat\bcgcbpro\objl\win32\16.0\v142\release\bcgpeditview.obj
e:\vcppwork\coolformat\bcgcbpro\objl\win32\16.0\v142\release\bcgpformview.obj
e:\vcppwork\coolformat\bcgcbpro\objl\win32\16.0\v142\release\bcgpganttgrid.obj
e:\vcppwork\coolformat\bcgcbpro\objl\win32\16.0\v142\release\bcgpganttrenderer.obj
e:\vcppwork\coolformat\bcgcbpro\objl\win32\16.0\v142\release\bcgpgraphicsmanager.obj
e:\vcppwork\coolformat\bcgcbpro\objl\win32\16.0\v142\release\bcgpgridserialize.obj
e:\vcppwork\coolformat\bcgcbpro\objl\win32\16.0\v142\release\bcgpinplacetooltipctrl.obj
e:\vcppwork\coolformat\bcgcbpro\objl\win32\16.0\v142\release\bcgpkeymapdlg.obj
e:\vcppwork\coolformat\bcgcbpro\objl\win32\16.0\v142\release\bcgpmdiframewnd.obj
e:\vcppwork\coolformat\bcgcbpro\objl\win32\16.0\v142\release\bcgpodbcgridctrl.obj
e:\vcppwork\coolformat\bcgcbpro\objl\win32\16.0\v142\release\bcgpoleserverdoc.obj
e:\vcppwork\coolformat\bcgcbpro\objl\win32\16.0\v142\release\bcgpoutlookbutton.obj
e:\vcppwork\coolformat\bcgcbpro\objl\win32\16.0\v142\release\bcgpplannerprintday.obj
e:\vcppwork\coolformat\bcgcbpro\objl\win32\16.0\v142\release\bcgpplannerviewweek.obj
e:\vcppwork\coolformat\bcgcbpro\objl\win32\16.0\v142\release\bcgppopupmenu.obj
e:\vcppwork\coolformat\bcgcbpro\objl\win32\16.0\v142\release\bcgprecurrence.obj
e:\vcppwork\coolformat\bcgcbpro\objl\win32\16.0\v142\release\bcgprenamedlg.obj
e:\vcppwork\coolformat\bcgcbpro\objl\win32\16.0\v142\release\bcgpreportview.obj
e:\vcppwork\coolformat\bcgcbpro\objl\win32\16.0\v142\release\bcgpribbonbuttonsgroup.obj
e:\vcppwork\coolformat\bcgcbpro\objl\win32\16.0\v142\release\bcgpribboncombobox.obj
e:\vcppwork\coolformat\bcgcbpro\objl\win32\16.0\v142\release\bcgpribbonedit.obj
e:\vcppwork\coolformat\bcgcbpro\objl\win32\16.0\v142\release\bcgpribboninfowriter.obj
e:\vcppwork\coolformat\bcgcbpro\objl\win32\16.0\v142\release\bcgpribbonprogressbar.obj
e:\vcppwork\coolformat\bcgcbpro\objl\win32\16.0\v142\release\bcgpribbonstatusbar.obj
e:\vcppwork\coolformat\bcgcbpro\objl\win32\16.0\v142\release\bcgpselectskindlg.obj
e:\vcppwork\coolformat\bcgcbpro\objl\win32\16.0\v142\release\bcgpspinbuttonctrl.obj
e:\vcppwork\coolformat\bcgcbpro\objl\win32\16.0\v142\release\bcgptabbedcontrolbar.obj
e:\vcppwork\coolformat\bcgcbpro\objl\win32\16.0\v142\release\bcgptabwnd.obj
e:\vcppwork\coolformat\bcgcbpro\objl\win32\16.0\v142\release\bcgptoolbarbutton.obj
e:\vcppwork\coolformat\bcgcbpro\objl\win32\16.0\v142\release\bcgptoolbarimages.obj
e:\vcppwork\coolformat\bcgcbpro\objl\win32\16.0\v142\release\bcgpusertoolsmanager.obj
e:\vcppwork\coolformat\bcgcbpro\objl\win32\16.0\v142\release\bcgpvisualctrl.obj
e:\vcppwork\coolformat\bcgcbpro\objl\win32\16.0\v142\release\bcgpvisualmanager2010.obj
e:\vcppwork\coolformat\bcgcbpro\objl\win32\16.0\v142\release\bcgpwindowsmanagerdlg.obj
e:\vcppwork\coolformat\bcgcbpro\objl\win32\16.0\v142\release\buttonappearancedlg.obj
e:\vcppwork\coolformat\bcgcbpro\objl\win32\16.0\v142\release\colorpage2.obj
e:\vcppwork\coolformat\bcgcbpro\objl\win32\16.0\v142\release\imagepaintarea.obj
e:\vcppwork\coolformat\bcgcbpro\objl\win32\16.0\v142\release\menuimages.obj
e:\vcppwork\coolformat\bcgcbpro\objl\win32\16.0\v142\release\regpath.obj
e:\vcppwork\coolformat\bcgcbpro\objl\win32\16.0\v142\release\bcgglobals.obj
e:\vcppwork\coolformat\bcgcbpro\objl\win32\16.0\v142\release\bcgpbreadcrumbcontrolimpl.obj
e:\vcppwork\coolformat\bcgcbpro\objl\win32\16.0\v142\release\bcgpcaptionbutton.obj
e:\vcppwork\coolformat\bcgcbpro\objl\win32\16.0\v142\release\bcgpchartimpl.obj
e:\vcppwork\coolformat\bcgcbpro\objl\win32\16.0\v142\release\bcgpcolorbar.obj
e:\vcppwork\coolformat\bcgcbpro\objl\win32\16.0\v142\release\bcgpdiagramconnector.obj
e:\vcppwork\coolformat\bcgcbpro\objl\win32\16.0\v142\release\bcgpdockbar.obj
e:\vcppwork\coolformat\bcgcbpro\objl\win32\16.0\v142\release\bcgpdrawmanager.obj
e:\vcppwork\coolformat\bcgcbpro\objl\win32\16.0\v142\release\bcgpexchecklist.obj
e:\vcppwork\coolformat\bcgcbpro\objl\win32\16.0\v142\release\bcgpframeimpl.obj
e:\vcppwork\coolformat\bcgcbpro\objl\win32\16.0\v142\release\bcgpgridfilter.obj
e:\vcppwork\coolformat\bcgcbpro\objl\win32\16.0\v142\release\bcgpimageeditdlg.obj
e:\vcppwork\coolformat\bcgcbpro\objl\win32\16.0\v142\release\bcgpinplaceedit.obj
e:\vcppwork\coolformat\bcgcbpro\objl\win32\16.0\v142\release\bcgpkeyboardpage.obj
e:\vcppwork\coolformat\bcgcbpro\objl\win32\16.0\v142\release\bcgpmainclientareawnd.obj
e:\vcppwork\coolformat\bcgcbpro\objl\win32\16.0\v142\release\bcgpmultiminiframewnd.obj
e:\vcppwork\coolformat\bcgcbpro\objl\win32\16.0\v142\release\bcgpolecntrframewnd.obj
e:\vcppwork\coolformat\bcgcbpro\objl\win32\16.0\v142\release\bcgpoutlookbarpane.obj
e:\vcppwork\coolformat\bcgcbpro\objl\win32\16.0\v142\release\bcgpplannerprintweek.obj
e:\vcppwork\coolformat\bcgcbpro\objl\win32\16.0\v142\release\bcgppopupdlg.obj
e:\vcppwork\coolformat\bcgcbpro\objl\win32\16.0\v142\release\bcgppropertysheet.obj
e:\vcppwork\coolformat\bcgcbpro\objl\win32\16.0\v142\release\bcgpribbonbutton.obj
e:\vcppwork\coolformat\bcgcbpro\objl\win32\16.0\v142\release\bcgpribboncustomizationdata.obj
e:\vcppwork\coolformat\bcgcbpro\objl\win32\16.0\v142\release\bcgpribbonmainpanel.obj
e:\vcppwork\coolformat\bcgcbpro\objl\win32\16.0\v142\release\bcgprotationobject.obj
e:\vcppwork\coolformat\bcgcbpro\objl\win32\16.0\v142\release\bcgpsliderctrl.obj
e:\vcppwork\coolformat\bcgcbpro\objl\win32\16.0\v142\release\bcgptagcloud.obj
e:\vcppwork\coolformat\bcgcbpro\objl\win32\16.0\v142\release\bcgptoolbarcustomizepages.obj
e:\vcppwork\coolformat\bcgcbpro\objl\win32\16.0\v142\release\bcgptreectrl.obj
e:\vcppwork\coolformat\bcgcbpro\objl\win32\16.0\v142\release\bcgpvisualmanager2003.obj
e:\vcppwork\coolformat\bcgcbpro\objl\win32\16.0\v142\release\bcgpvisualmanagervs2005.obj
e:\vcppwork\coolformat\bcgcbpro\objl\win32\16.0\v142\release\bcgpworkspace.obj
e:\vcppwork\coolformat\bcgcbpro\objl\win32\16.0\v142\release\toolbarnamedlg.obj
e:\vcppwork\coolformat\bcgcbpro\objl\win32\16.0\v142\release\bcgpanimctrl.obj
e:\vcppwork\coolformat\bcgcbpro\objl\win32\16.0\v142\release\bcgpbarcontainer.obj
e:\vcppwork\coolformat\bcgcbpro\objl\win32\16.0\v142\release\bcgpbaseribbonelement.obj
e:\vcppwork\coolformat\bcgcbpro\objl\win32\16.0\v142\release\bcgpcaptionmenubutton.obj
e:\vcppwork\coolformat\bcgcbpro\objl\win32\16.0\v142\release\bcgpchartformat.obj
e:\vcppwork\coolformat\bcgcbpro\objl\win32\16.0\v142\release\bcgpchartshape3d.obj
e:\vcppwork\coolformat\bcgcbpro\objl\win32\16.0\v142\release\bcgpcolorcombobox.obj
e:\vcppwork\coolformat\bcgcbpro\objl\win32\16.0\v142\release\bcgpcontextmenumanager.obj
e:\vcppwork\coolformat\bcgcbpro\objl\win32\16.0\v142\release\bcgpdiagramctrl.obj
e:\vcppwork\coolformat\bcgcbpro\objl\win32\16.0\v142\release\bcgpdialog.obj
e:\vcppwork\coolformat\bcgcbpro\objl\win32\16.0\v142\release\bcgpdropdown.obj
e:\vcppwork\coolformat\bcgcbpro\objl\win32\16.0\v142\release\bcgpeditctrl.obj
e:\vcppwork\coolformat\bcgcbpro\objl\win32\16.0\v142\release\bcgpganttchart.obj
e:\vcppwork\coolformat\bcgcbpro\objl\win32\16.0\v142\release\bcgpganttview.obj
e:\vcppwork\coolformat\bcgcbpro\objl\win32\16.0\v142\release\bcgpgridfiltermenu.obj
e:\vcppwork\coolformat\bcgcbpro\objl\win32\16.0\v142\release\bcgphotspotimagectrl.obj
e:\vcppwork\coolformat\bcgcbpro\objl\win32\16.0\v142\release\bcgpintellisenselb.obj
e:\vcppwork\coolformat\bcgcbpro\objl\win32\16.0\v142\release\bcgpintellisensewnd.obj
e:\vcppwork\coolformat\bcgcbpro\objl\win32\16.0\v142\release\bcgplineargaugeimpl.obj
e:\vcppwork\coolformat\bcgcbpro\objl\win32\16.0\v142\release\bcgpmath.obj
e:\vcppwork\coolformat\bcgcbpro\objl\win32\16.0\v142\release\bcgpmenubutton.obj
e:\vcppwork\coolformat\bcgcbpro\objl\win32\16.0\v142\release\bcgpswitchimpl.obj
e:\vcppwork\coolformat\bcgcbpro\objl\win32\16.0\v142\release\bcgpwinuitiles.obj
e:\vcppwork\coolformat\bcgcbpro\objl\win32\16.0\v142\release\bcgpplannerclockicons.obj
e:\vcppwork\coolformat\bcgcbpro\objl\win32\16.0\v142\release\bcgpplannerdropsource.obj
e:\vcppwork\coolformat\bcgcbpro\objl\win32\16.0\v142\release\bcgpplannerprintdual.obj
e:\vcppwork\coolformat\bcgcbpro\objl\win32\16.0\v142\release\bcgpplannerviewday.obj
e:\vcppwork\coolformat\bcgcbpro\objl\win32\16.0\v142\release\bcgpprintpreviewctrl.obj
e:\vcppwork\coolformat\bcgcbpro\objl\win32\16.0\v142\release\bcgpproplist.obj
e:\vcppwork\coolformat\bcgcbpro\objl\win32\16.0\v142\release\bcgpribboncategory.obj
e:\vcppwork\coolformat\bcgcbpro\objl\win32\16.0\v142\release\bcgpribboncommandslistbox.obj
e:\vcppwork\coolformat\bcgcbpro\objl\win32\16.0\v142\release\bcgpribbonfloaty.obj
e:\vcppwork\coolformat\bcgcbpro\objl\win32\16.0\v142\release\bcgpribboninfoloader.obj
e:\vcppwork\coolformat\bcgcbpro\objl\win32\16.0\v142\release\bcgpribbonpalettebutton.obj
e:\vcppwork\coolformat\bcgcbpro\objl\win32\16.0\v142\release\bcgpscrollbar.obj
e:\vcppwork\coolformat\bcgcbpro\objl\win32\16.0\v142\release\bcgpshelltree.obj
e:\vcppwork\coolformat\bcgcbpro\objl\win32\16.0\v142\release\bcgpstaticgaugeimpl.obj
e:\vcppwork\coolformat\bcgcbpro\objl\win32\16.0\v142\release\bcgptextgaugeimpl.obj
e:\vcppwork\coolformat\bcgcbpro\objl\win32\16.0\v142\release\bcgptoolbardatetimectrl.obj
e:\vcppwork\coolformat\bcgcbpro\objl\win32\16.0\v142\release\bcgptoolbardroptarget.obj
e:\vcppwork\coolformat\bcgcbpro\objl\win32\16.0\v142\release\bcgptoolbareditboxbutton.obj
e:\vcppwork\coolformat\bcgcbpro\objl\win32\16.0\v142\release\bcgptooltipctrl.obj
e:\vcppwork\coolformat\bcgcbpro\objl\win32\16.0\v142\release\bcgpvisualcollector.obj
e:\vcppwork\coolformat\bcgcbpro\objl\win32\16.0\v142\release\bcgpvisualmanagercarbon.obj
e:\vcppwork\coolformat\bcgcbpro\objl\win32\16.0\v142\release\bcgpwnd.obj
e:\vcppwork\coolformat\bcgcbpro\objl\win32\16.0\v142\release\cmdusagecount.obj
e:\vcppwork\coolformat\bcgcbpro\objl\win32\16.0\v142\release\colorpopup.obj
e:\vcppwork\coolformat\bcgcbpro\objl\win32\16.0\v142\release\bcgpanimationmanager.obj
e:\vcppwork\coolformat\bcgcbpro\objl\win32\16.0\v142\release\bcgpautohidebutton.obj
e:\vcppwork\coolformat\bcgcbpro\objl\win32\16.0\v142\release\bcgpbasecontrolbar.obj
e:\vcppwork\coolformat\bcgcbpro\objl\win32\16.0\v142\release\bcgpbrushbutton.obj
e:\vcppwork\coolformat\bcgcbpro\objl\win32\16.0\v142\release\bcgpchartctrl.obj
e:\vcppwork\coolformat\bcgcbpro\objl\win32\16.0\v142\release\bcgpchartview.obj
e:\vcppwork\coolformat\bcgcbpro\objl\win32\16.0\v142\release\bcgpcolorindicatorimpl.obj
e:\vcppwork\coolformat\bcgcbpro\objl\win32\16.0\v142\release\bcgpcontrolbarimpl.obj
e:\vcppwork\coolformat\bcgcbpro\objl\win32\16.0\v142\release\bcgpdbgridctrl.obj
e:\vcppwork\coolformat\bcgcbpro\objl\win32\16.0\v142\release\bcgpdialogbar.obj
e:\vcppwork\coolformat\bcgcbpro\objl\win32\16.0\v142\release\bcgpdragframeimpl.obj
e:\vcppwork\coolformat\bcgcbpro\objl\win32\16.0\v142\release\bcgpeditlistbox.obj
e:\vcppwork\coolformat\bcgcbpro\objl\win32\16.0\v142\release\bcgpexplorertoolbar.obj
e:\vcppwork\coolformat\bcgcbpro\objl\win32\16.0\v142\release\bcgpganttitem.obj
e:\vcppwork\coolformat\bcgcbpro\objl\win32\16.0\v142\release\bcgpgaugeimpl.obj
e:\vcppwork\coolformat\bcgcbpro\objl\win32\16.0\v142\release\bcgpgridsparkline.obj
e:\vcppwork\coolformat\bcgcbpro\objl\win32\16.0\v142\release\bcgplayout.obj
e:\vcppwork\coolformat\bcgcbpro\objl\win32\16.0\v142\release\bcgpmenubar.obj
e:\vcppwork\coolformat\bcgcbpro\objl\win32\16.0\v142\release\bcgpminiframewnd.obj
e:\vcppwork\coolformat\bcgcbpro\objl\win32\16.0\v142\release\bcgpoptionspage.obj
e:\vcppwork\coolformat\bcgcbpro\objl\win32\16.0\v142\release\bcgpplannermanagerview.obj
e:\vcppwork\coolformat\bcgcbpro\objl\win32\16.0\v142\release\bcgpplannerviewmonth.obj
e:\vcppwork\coolformat\bcgcbpro\objl\win32\16.0\v142\release\bcgpprintpreviewview.obj
e:\vcppwork\coolformat\bcgcbpro\objl\win32\16.0\v142\release\bcgpradialmenu.obj
e:\vcppwork\coolformat\bcgcbpro\objl\win32\16.0\v142\release\bcgpribbonbackstageviewpanel.obj
e:\vcppwork\coolformat\bcgcbpro\objl\win32\16.0\v142\release\bcgpribbondialogbar.obj
e:\vcppwork\coolformat\bcgcbpro\objl\win32\16.0\v142\release\bcgpribbonhyperlink.obj
e:\vcppwork\coolformat\bcgcbpro\objl\win32\16.0\v142\release\bcgpribbonpanel.obj
e:\vcppwork\coolformat\bcgcbpro\objl\win32\16.0\v142\release\bcgpshelllist.obj
e:\vcppwork\coolformat\bcgcbpro\objl\win32\16.0\v142\release\bcgpsound.obj
e:\vcppwork\coolformat\bcgcbpro\objl\win32\16.0\v142\release\bcgptextformatdlg.obj
e:\vcppwork\coolformat\bcgcbpro\objl\win32\16.0\v142\release\bcgptoolbarcustomize.obj
e:\vcppwork\coolformat\bcgcbpro\objl\win32\16.0\v142\release\bcgptoolbarmenubuttonsbutton.obj
e:\vcppwork\coolformat\bcgcbpro\objl\win32\16.0\v142\release\bcgptoolspage.obj
e:\vcppwork\coolformat\bcgcbpro\objl\win32\16.0\v142\release\bcgpvisualmanager2007.obj
e:\vcppwork\coolformat\bcgcbpro\objl\win32\16.0\v142\release\bcgpvisualmanagerxp.obj
e:\vcppwork\coolformat\bcgcbpro\objl\win32\16.0\v142\release\bcgpappbarwnd.obj
e:\vcppwork\coolformat\bcgcbpro\objl\win32\16.0\v142\release\bcgpautohidedockbar.obj
e:\vcppwork\coolformat\bcgcbpro\objl\win32\16.0\v142\release\bcgpbarcontainermanager.obj
e:\vcppwork\coolformat\bcgcbpro\objl\win32\16.0\v142\release\bcgpbasetoolbar.obj
e:\vcppwork\coolformat\bcgcbpro\objl\win32\16.0\v142\release\bcgpcaptionbar.obj
e:\vcppwork\coolformat\bcgcbpro\objl\win32\16.0\v142\release\bcgpchartseries.obj
e:\vcppwork\coolformat\bcgcbpro\objl\win32\16.0\v142\release\bcgpcommandmanager.obj
e:\vcppwork\coolformat\bcgcbpro\objl\win32\16.0\v142\release\bcgpdaogridctrl.obj
e:\vcppwork\coolformat\bcgcbpro\objl\win32\16.0\v142\release\bcgpdiagramvisualconstructor.obj
e:\vcppwork\coolformat\bcgcbpro\objl\win32\16.0\v142\release\bcgpdiagramvisualobject.obj
e:\vcppwork\coolformat\bcgcbpro\objl\win32\16.0\v142\release\bcgpdurationctrl.obj
e:\vcppwork\coolformat\bcgcbpro\objl\win32\16.0\v142\release\bcgpfiledialog.obj
e:\vcppwork\coolformat\bcgcbpro\objl\win32\16.0\v142\release\bcgpganttcontrol.obj
e:\vcppwork\coolformat\bcgcbpro\objl\win32\16.0\v142\release\bcgpgraphicsmanagergdi.obj
e:\vcppwork\coolformat\bcgcbpro\objl\win32\16.0\v142\release\bcgpgridview.obj
e:\vcppwork\coolformat\bcgcbpro\objl\win32\16.0\v142\release\bcgpkeyboardmanager.obj
e:\vcppwork\coolformat\bcgcbpro\objl\win32\16.0\v142\release\bcgplistctrl.obj
e:\vcppwork\coolformat\bcgcbpro\objl\win32\16.0\v142\release\bcgpmessagebox.obj
e:\vcppwork\coolformat\bcgcbpro\objl\win32\16.0\v142\release\bcgpvisualmanager2013.obj
e:\vcppwork\coolformat\bcgcbpro\objl\win32\16.0\v142\release\bcgpoledocipframewnd.obj
e:\vcppwork\coolformat\bcgcbpro\objl\win32\16.0\v142\release\bcgpplannerdroptarget.obj
e:\vcppwork\coolformat\bcgcbpro\objl\win32\16.0\v142\release\bcgppngimage.obj
e:\vcppwork\coolformat\bcgcbpro\objl\win32\16.0\v142\release\bcgppopupwindow.obj
e:\vcppwork\coolformat\bcgcbpro\objl\win32\16.0\v142\release\bcgprebar.obj
e:\vcppwork\coolformat\bcgcbpro\objl\win32\16.0\v142\release\bcgprecurrencerule.obj
e:\vcppwork\coolformat\bcgcbpro\objl\win32\16.0\v142\release\bcgpribbonbackstagepageprint.obj
e:\vcppwork\coolformat\bcgcbpro\objl\win32\16.0\v142\release\bcgpribbonconstructor.obj
e:\vcppwork\coolformat\bcgcbpro\objl\win32\16.0\v142\release\bcgpribbonkeyboardcustomizedlg.obj
e:\vcppwork\coolformat\bcgcbpro\objl\win32\16.0\v142\release\bcgpribbonquickaccesstoolbar.obj
e:\vcppwork\coolformat\bcgcbpro\objl\win32\16.0\v142\release\bcgpribbonundobutton.obj
e:\vcppwork\coolformat\bcgcbpro\objl\win32\16.0\v142\release\bcgpskinmanager.obj
e:\vcppwork\coolformat\bcgcbpro\objl\win32\16.0\v142\release\bcgptagmanager.obj
e:\vcppwork\coolformat\bcgcbpro\objl\win32\16.0\v142\release\bcgptoolbardropsource.obj
e:\vcppwork\coolformat\bcgcbpro\objl\win32\16.0\v142\release\bcgptoolbarmenubutton.obj
e:\vcppwork\coolformat\bcgcbpro\objl\win32\16.0\v142\release\bcgpvisualcontainer.obj
e:\vcppwork\coolformat\bcgcbpro\objl\win32\16.0\v142\release\bcgpvisualmanagervs2010.obj
e:\vcppwork\coolformat\bcgcbpro\objl\win32\16.0\v142\release\pnggccrd.obj
e:\vcppwork\coolformat\bcgcbpro\objl\win32\16.0\v142\release\pngrutil.obj
e:\vcppwork\coolformat\bcgcbpro\objl\win32\16.0\v142\release\crc32.obj
e:\vcppwork\coolformat\bcgcbpro\objl\win32\16.0\v142\release\pngrio.obj
e:\vcppwork\coolformat\bcgcbpro\objl\win32\16.0\v142\release\pngset.obj
e:\vcppwork\coolformat\bcgcbpro\objl\win32\16.0\v142\release\inflate.obj
e:\vcppwork\coolformat\bcgcbpro\objl\win32\16.0\v142\release\pngmem.obj
e:\vcppwork\coolformat\bcgcbpro\objl\win32\16.0\v142\release\pngvcrd.obj
e:\vcppwork\coolformat\bcgcbpro\objl\win32\16.0\v142\release\inffast.obj
e:\vcppwork\coolformat\bcgcbpro\objl\win32\16.0\v142\release\png.obj
e:\vcppwork\coolformat\bcgcbpro\objl\win32\16.0\v142\release\pngtest.obj
e:\vcppwork\coolformat\bcgcbpro\objl\win32\16.0\v142\release\pngwtran.obj
e:\vcppwork\coolformat\bcgcbpro\objl\win32\16.0\v142\release\pngerror.obj
e:\vcppwork\coolformat\bcgcbpro\objl\win32\16.0\v142\release\pngrtran.obj
e:\vcppwork\coolformat\bcgcbpro\objl\win32\16.0\v142\release\pngwutil.obj
e:\vcppwork\coolformat\bcgcbpro\objl\win32\16.0\v142\release\pngget.obj
e:\vcppwork\coolformat\bcgcbpro\objl\win32\16.0\v142\release\pngtrans.obj
e:\vcppwork\coolformat\bcgcbpro\objl\win32\16.0\v142\release\compress.obj
e:\vcppwork\coolformat\bcgcbpro\objl\win32\16.0\v142\release\trees.obj
e:\vcppwork\coolformat\bcgcbpro\objl\win32\16.0\v142\release\pngpread.obj
e:\vcppwork\coolformat\bcgcbpro\objl\win32\16.0\v142\release\pngwio.obj
e:\vcppwork\coolformat\bcgcbpro\objl\win32\16.0\v142\release\deflate.obj
e:\vcppwork\coolformat\bcgcbpro\objl\win32\16.0\v142\release\zutil.obj
e:\vcppwork\coolformat\bcgcbpro\objl\win32\16.0\v142\release\pngread.obj
e:\vcppwork\coolformat\bcgcbpro\objl\win32\16.0\v142\release\pngwrite.obj
e:\vcppwork\coolformat\bcgcbpro\objl\win32\16.0\v142\release\adler32.obj
e:\vcppwork\coolformat\bcgcbpro\objl\win32\16.0\v142\release\inftrees.obj
e:\vcppwork\coolformat\bin\bcgcbpro2510142.dll
e:\vcppwork\coolformat\bcgcbpro\objl\win32\16.0\v142\release\bcgcbpro.res
e:\vcppwork\coolformat\bcgcbpro\objl\win32\16.0\v142\release\bcgcbpro140.tlog\bcgcbpro140.write.1u.tlog
e:\vcppwork\coolformat\bcgcbpro\objl\win32\16.0\v142\release\bcgcbpro140.tlog\cl.command.1.tlog
e:\vcppwork\coolformat\bcgcbpro\objl\win32\16.0\v142\release\bcgcbpro140.tlog\cl.read.1.tlog
e:\vcppwork\coolformat\bcgcbpro\objl\win32\16.0\v142\release\bcgcbpro140.tlog\cl.write.1.tlog
e:\vcppwork\coolformat\bcgcbpro\objl\win32\16.0\v142\release\bcgcbpro140.tlog\link.command.1.tlog
e:\vcppwork\coolformat\bcgcbpro\objl\win32\16.0\v142\release\bcgcbpro140.tlog\link.read.1.tlog
e:\vcppwork\coolformat\bcgcbpro\objl\win32\16.0\v142\release\bcgcbpro140.tlog\link.write.1.tlog
e:\vcppwork\coolformat\bcgcbpro\objl\win32\16.0\v142\release\bcgcbpro140.tlog\rc.command.1.tlog
e:\vcppwork\coolformat\bcgcbpro\objl\win32\16.0\v142\release\bcgcbpro140.tlog\rc.read.1.tlog
e:\vcppwork\coolformat\bcgcbpro\objl\win32\16.0\v142\release\bcgcbpro140.tlog\rc.write.1.tlog
