g:\vcppwork\coolformat\bcgcbpro\objs\x64\17.0\v143\unicode release\bcgcbpro2510staticu143.pch
g:\vcppwork\coolformat\bin64\bcgcbpro2510staticu143.pdb
g:\vcppwork\coolformat\bcgcbpro\objs\x64\17.0\v143\unicode release\stdafx.obj
g:\vcppwork\coolformat\bcgcbpro\objs\x64\17.0\v143\unicode release\bcgpanimctrl.obj
g:\vcppwork\coolformat\bcgcbpro\objs\x64\17.0\v143\unicode release\bcgpautohidetoolbar.obj
g:\vcppwork\coolformat\bcgcbpro\objs\x64\17.0\v143\unicode release\bcgpbaseinfo.obj
g:\vcppwork\coolformat\bcgcbpro\objs\x64\17.0\v143\unicode release\bcgpbrushbutton.obj
g:\vcppwork\coolformat\bcgcbpro\objs\x64\17.0\v143\unicode release\bcgpcaptionbar.obj
g:\vcppwork\coolformat\bcgcbpro\objs\x64\17.0\v143\unicode release\bcgpchartseries.obj
g:\vcppwork\coolformat\bcgcbpro\objs\x64\17.0\v143\unicode release\bcgpcontrolbarimpl.obj
g:\vcppwork\coolformat\bcgcbpro\objs\x64\17.0\v143\unicode release\bcgpcontrolrenderer.obj
g:\vcppwork\coolformat\bcgcbpro\objs\x64\17.0\v143\unicode release\bcgpdhtmldialog.obj
g:\vcppwork\coolformat\bcgcbpro\objs\x64\17.0\v143\unicode release\bcgpdockingcontrolbar.obj
g:\vcppwork\coolformat\bcgcbpro\objs\x64\17.0\v143\unicode release\bcgpengine3d.obj
g:\vcppwork\coolformat\bcgcbpro\objs\x64\17.0\v143\unicode release\bcgpexchecklist.obj
g:\vcppwork\coolformat\bcgcbpro\objs\x64\17.0\v143\unicode release\bcgpframewnd.obj
g:\vcppwork\coolformat\bcgcbpro\objs\x64\17.0\v143\unicode release\bcgpganttview.obj
g:\vcppwork\coolformat\bcgcbpro\objs\x64\17.0\v143\unicode release\bcgpgridserialize.obj
g:\vcppwork\coolformat\bcgcbpro\objs\x64\17.0\v143\unicode release\bcgpimageprocessing.obj
g:\vcppwork\coolformat\bcgcbpro\objs\x64\17.0\v143\unicode release\bcgpkeymapdlg.obj
g:\vcppwork\coolformat\bcgcbpro\objs\x64\17.0\v143\unicode release\bcgpmath.obj
g:\vcppwork\coolformat\bcgcbpro\objs\x64\17.0\v143\unicode release\bcgpmessagebox.obj
g:\vcppwork\coolformat\bcgcbpro\objs\x64\17.0\v143\unicode release\bcgpvisualmanager2013.obj
g:\vcppwork\coolformat\bcgcbpro\objs\x64\17.0\v143\unicode release\bcgpoutlookbardockingpane.obj
g:\vcppwork\coolformat\bcgcbpro\objs\x64\17.0\v143\unicode release\bcgpplannerdroptarget.obj
g:\vcppwork\coolformat\bcgcbpro\objs\x64\17.0\v143\unicode release\bcgpplannerprint.obj
g:\vcppwork\coolformat\bcgcbpro\objs\x64\17.0\v143\unicode release\bcgpplannerviewmulti.obj
g:\vcppwork\coolformat\bcgcbpro\objs\x64\17.0\v143\unicode release\bcgpprintpreviewctrl.obj
g:\vcppwork\coolformat\bcgcbpro\objs\x64\17.0\v143\unicode release\bcgppropertysheet.obj
g:\vcppwork\coolformat\bcgcbpro\objs\x64\17.0\v143\unicode release\bcgpribbonbackstageviewpanel.obj
g:\vcppwork\coolformat\bcgcbpro\objs\x64\17.0\v143\unicode release\bcgpribboncustomizeqatpage.obj
g:\vcppwork\coolformat\bcgcbpro\objs\x64\17.0\v143\unicode release\bcgpribbonpalettebutton.obj
g:\vcppwork\coolformat\bcgcbpro\objs\x64\17.0\v143\unicode release\bcgpribbontreectrl.obj
g:\vcppwork\coolformat\bcgcbpro\objs\x64\17.0\v143\unicode release\bcgpsplitterwnd.obj
g:\vcppwork\coolformat\bcgcbpro\objs\x64\17.0\v143\unicode release\bcgpstatusbar.obj
g:\vcppwork\coolformat\bcgcbpro\objs\x64\17.0\v143\unicode release\bcgptextgaugeimpl.obj
g:\vcppwork\coolformat\bcgcbpro\objs\x64\17.0\v143\unicode release\bcgptoolbarcustomizepages.obj
g:\vcppwork\coolformat\bcgcbpro\objs\x64\17.0\v143\unicode release\bcgptoolbarspineditboxbutton.obj
g:\vcppwork\coolformat\bcgcbpro\objs\x64\17.0\v143\unicode release\bcgptooltipctrl.obj
g:\vcppwork\coolformat\bcgcbpro\objs\x64\17.0\v143\unicode release\bcgpusertoolsmanager.obj
g:\vcppwork\coolformat\bcgcbpro\objs\x64\17.0\v143\unicode release\bcgpvisualmanager.obj
g:\vcppwork\coolformat\bcgcbpro\objs\x64\17.0\v143\unicode release\bcgpvisualmanagervs2008.obj
g:\vcppwork\coolformat\bcgcbpro\objs\x64\17.0\v143\unicode release\bcgpwindowsmanagerdlg.obj
g:\vcppwork\coolformat\bcgcbpro\objs\x64\17.0\v143\unicode release\bcgpwnd.obj
g:\vcppwork\coolformat\bcgcbpro\objs\x64\17.0\v143\unicode release\buttonstextlist.obj
g:\vcppwork\coolformat\bcgcbpro\objs\x64\17.0\v143\unicode release\cmdusagecount.obj
g:\vcppwork\coolformat\bcgcbpro\objs\x64\17.0\v143\unicode release\customizebutton.obj
g:\vcppwork\coolformat\bcgcbpro\objs\x64\17.0\v143\unicode release\toolbarnamedlg.obj
g:\vcppwork\coolformat\bcgcbpro\objs\x64\17.0\v143\unicode release\bcgglobals.obj
g:\vcppwork\coolformat\bcgcbpro\objs\x64\17.0\v143\unicode release\bcgpbreadcrumb.obj
g:\vcppwork\coolformat\bcgcbpro\objs\x64\17.0\v143\unicode release\bcgpcalculator.obj
g:\vcppwork\coolformat\bcgcbpro\objs\x64\17.0\v143\unicode release\bcgpchartformula.obj
g:\vcppwork\coolformat\bcgcbpro\objs\x64\17.0\v143\unicode release\bcgpcolorbutton.obj
g:\vcppwork\coolformat\bcgcbpro\objs\x64\17.0\v143\unicode release\bcgpcolordialog.obj
g:\vcppwork\coolformat\bcgcbpro\objs\x64\17.0\v143\unicode release\bcgpdiagramctrl.obj
g:\vcppwork\coolformat\bcgcbpro\objs\x64\17.0\v143\unicode release\bcgpdlgimpl.obj
g:\vcppwork\coolformat\bcgcbpro\objs\x64\17.0\v143\unicode release\bcgpeditlistbox.obj
g:\vcppwork\coolformat\bcgcbpro\objs\x64\17.0\v143\unicode release\bcgpframeimpl.obj
g:\vcppwork\coolformat\bcgcbpro\objs\x64\17.0\v143\unicode release\bcgpganttitemstorage.obj
g:\vcppwork\coolformat\bcgcbpro\objs\x64\17.0\v143\unicode release\bcgpgridfilter.obj
g:\vcppwork\coolformat\bcgcbpro\objs\x64\17.0\v143\unicode release\bcgphotspotimagectrl.obj
g:\vcppwork\coolformat\bcgcbpro\objs\x64\17.0\v143\unicode release\bcgplayout.obj
g:\vcppwork\coolformat\bcgcbpro\objs\x64\17.0\v143\unicode release\bcgpmdichildwnd.obj
g:\vcppwork\coolformat\bcgcbpro\objs\x64\17.0\v143\unicode release\bcgpnumericindicatorimpl.obj
g:\vcppwork\coolformat\bcgcbpro\objs\x64\17.0\v143\unicode release\bcgpoutlineparser.obj
g:\vcppwork\coolformat\bcgcbpro\objs\x64\17.0\v143\unicode release\bcgpplannerdropsource.obj
g:\vcppwork\coolformat\bcgcbpro\objs\x64\17.0\v143\unicode release\bcgpplannermanagerctrl.obj
g:\vcppwork\coolformat\bcgcbpro\objs\x64\17.0\v143\unicode release\bcgppngimage.obj
g:\vcppwork\coolformat\bcgcbpro\objs\x64\17.0\v143\unicode release\bcgppopupwindow.obj
g:\vcppwork\coolformat\bcgcbpro\objs\x64\17.0\v143\unicode release\bcgpproplist.obj
g:\vcppwork\coolformat\bcgcbpro\objs\x64\17.0\v143\unicode release\bcgpribboncategory.obj
g:\vcppwork\coolformat\bcgcbpro\objs\x64\17.0\v143\unicode release\bcgpribbonconstructor.obj
g:\vcppwork\coolformat\bcgcbpro\objs\x64\17.0\v143\unicode release\bcgpribbonelementhostctrl.obj
g:\vcppwork\coolformat\bcgcbpro\objs\x64\17.0\v143\unicode release\bcgpribboninfowriter.obj
g:\vcppwork\coolformat\bcgcbpro\objs\x64\17.0\v143\unicode release\bcgprotationobject.obj
g:\vcppwork\coolformat\bcgcbpro\objs\x64\17.0\v143\unicode release\bcgpshowallbutton.obj
g:\vcppwork\coolformat\bcgcbpro\objs\x64\17.0\v143\unicode release\bcgpsmartdockingmarker.obj
g:\vcppwork\coolformat\bcgcbpro\objs\x64\17.0\v143\unicode release\bcgptabbedtoolbar.obj
g:\vcppwork\coolformat\bcgcbpro\objs\x64\17.0\v143\unicode release\bcgptaskspane.obj
g:\vcppwork\coolformat\bcgcbpro\objs\x64\17.0\v143\unicode release\bcgptoolbareditboxbutton.obj
g:\vcppwork\coolformat\bcgcbpro\objs\x64\17.0\v143\unicode release\bcgptreectrl.obj
g:\vcppwork\coolformat\bcgcbpro\objs\x64\17.0\v143\unicode release\bcgpvisualmanager2007.obj
g:\vcppwork\coolformat\bcgcbpro\objs\x64\17.0\v143\unicode release\imagepaintarea.obj
g:\vcppwork\coolformat\bcgcbpro\objs\x64\17.0\v143\unicode release\bcgpanimationmanager.obj
g:\vcppwork\coolformat\bcgcbpro\objs\x64\17.0\v143\unicode release\bcgpautohidebutton.obj
g:\vcppwork\coolformat\bcgcbpro\objs\x64\17.0\v143\unicode release\bcgpbasecontrolbar.obj
g:\vcppwork\coolformat\bcgcbpro\objs\x64\17.0\v143\unicode release\bcgpcalendarbar.obj
g:\vcppwork\coolformat\bcgcbpro\objs\x64\17.0\v143\unicode release\bcgpchartview.obj
g:\vcppwork\coolformat\bcgcbpro\objs\x64\17.0\v143\unicode release\bcgpcolorcombobox.obj
g:\vcppwork\coolformat\bcgcbpro\objs\x64\17.0\v143\unicode release\bcgpdbgridctrl.obj
g:\vcppwork\coolformat\bcgcbpro\objs\x64\17.0\v143\unicode release\bcgpdockbarrow.obj
g:\vcppwork\coolformat\bcgcbpro\objs\x64\17.0\v143\unicode release\bcgpdragframeimpl.obj
g:\vcppwork\coolformat\bcgcbpro\objs\x64\17.0\v143\unicode release\bcgpedit.obj
g:\vcppwork\coolformat\bcgcbpro\objs\x64\17.0\v143\unicode release\bcgpfullscreenimpl.obj
g:\vcppwork\coolformat\bcgcbpro\objs\x64\17.0\v143\unicode release\bcgpgesturemanager.obj
g:\vcppwork\coolformat\bcgcbpro\objs\x64\17.0\v143\unicode release\bcgpgraphicsmanager.obj
g:\vcppwork\coolformat\bcgcbpro\objs\x64\17.0\v143\unicode release\bcgpkeyhelper.obj
g:\vcppwork\coolformat\bcgcbpro\objs\x64\17.0\v143\unicode release\bcgplineargaugeimpl.obj
g:\vcppwork\coolformat\bcgcbpro\objs\x64\17.0\v143\unicode release\bcgpmdiframewnd.obj
g:\vcppwork\coolformat\bcgcbpro\objs\x64\17.0\v143\unicode release\bcgpmousepage.obj
g:\vcppwork\coolformat\bcgcbpro\objs\x64\17.0\v143\unicode release\bcgpoledocipframewnd.obj
g:\vcppwork\coolformat\bcgcbpro\objs\x64\17.0\v143\unicode release\bcgpoutlookbarpane.obj
g:\vcppwork\coolformat\bcgcbpro\objs\x64\17.0\v143\unicode release\bcgpplannerviewday.obj
g:\vcppwork\coolformat\bcgcbpro\objs\x64\17.0\v143\unicode release\bcgprebarstate.obj
g:\vcppwork\coolformat\bcgcbpro\objs\x64\17.0\v143\unicode release\bcgpregistry.obj
g:\vcppwork\coolformat\bcgcbpro\objs\x64\17.0\v143\unicode release\bcgpreportctrl.obj
g:\vcppwork\coolformat\bcgcbpro\objs\x64\17.0\v143\unicode release\bcgpribboncombobox.obj
g:\vcppwork\coolformat\bcgcbpro\objs\x64\17.0\v143\unicode release\bcgpribbondialogbar.obj
g:\vcppwork\coolformat\bcgcbpro\objs\x64\17.0\v143\unicode release\bcgpribboninfoloader.obj
g:\vcppwork\coolformat\bcgcbpro\objs\x64\17.0\v143\unicode release\bcgpribbonpanelmenu.obj
g:\vcppwork\coolformat\bcgcbpro\objs\x64\17.0\v143\unicode release\bcgpribbonslider.obj
g:\vcppwork\coolformat\bcgcbpro\objs\x64\17.0\v143\unicode release\bcgpscrollbar.obj
g:\vcppwork\coolformat\bcgcbpro\objs\x64\17.0\v143\unicode release\bcgpsound.obj
g:\vcppwork\coolformat\bcgcbpro\objs\x64\17.0\v143\unicode release\bcgptabbedcontrolbar.obj
g:\vcppwork\coolformat\bcgcbpro\objs\x64\17.0\v143\unicode release\bcgptearoffmanager.obj
g:\vcppwork\coolformat\bcgcbpro\objs\x64\17.0\v143\unicode release\bcgptoolbarcomboboxbutton.obj
g:\vcppwork\coolformat\bcgcbpro\objs\x64\17.0\v143\unicode release\bcgptoolbarimages.obj
g:\vcppwork\coolformat\bcgcbpro\objs\x64\17.0\v143\unicode release\bcgpvisualcollector.obj
g:\vcppwork\coolformat\bcgcbpro\objs\x64\17.0\v143\unicode release\bcgpvisualmanagercarbon.obj
g:\vcppwork\coolformat\bcgcbpro\objs\x64\17.0\v143\unicode release\bcgpanalogclock.obj
g:\vcppwork\coolformat\bcgcbpro\objs\x64\17.0\v143\unicode release\bcgpbaseribbonelement.obj
g:\vcppwork\coolformat\bcgcbpro\objs\x64\17.0\v143\unicode release\bcgpchartctrl.obj
g:\vcppwork\coolformat\bcgcbpro\objs\x64\17.0\v143\unicode release\bcgpchartobject.obj
g:\vcppwork\coolformat\bcgcbpro\objs\x64\17.0\v143\unicode release\bcgpcolormenubutton.obj
g:\vcppwork\coolformat\bcgcbpro\objs\x64\17.0\v143\unicode release\bcgpdiagramshape.obj
g:\vcppwork\coolformat\bcgcbpro\objs\x64\17.0\v143\unicode release\bcgpdockingcbwrapper.obj
g:\vcppwork\coolformat\bcgcbpro\objs\x64\17.0\v143\unicode release\bcgpdrawmanager.obj
g:\vcppwork\coolformat\bcgcbpro\objs\x64\17.0\v143\unicode release\bcgpeditbrushdlg.obj
g:\vcppwork\coolformat\bcgcbpro\objs\x64\17.0\v143\unicode release\bcgpformview.obj
g:\vcppwork\coolformat\bcgcbpro\objs\x64\17.0\v143\unicode release\bcgpganttitem.obj
g:\vcppwork\coolformat\bcgcbpro\objs\x64\17.0\v143\unicode release\bcgpganttrenderer.obj
g:\vcppwork\coolformat\bcgcbpro\objs\x64\17.0\v143\unicode release\bcgpgridctrl.obj
g:\vcppwork\coolformat\bcgcbpro\objs\x64\17.0\v143\unicode release\bcgpmenubutton.obj
g:\vcppwork\coolformat\bcgcbpro\objs\x64\17.0\v143\unicode release\bcgpshadowmanager.obj
g:\vcppwork\coolformat\bcgcbpro\objs\x64\17.0\v143\unicode release\bcgpmousemanager.obj
g:\vcppwork\coolformat\bcgcbpro\objs\x64\17.0\v143\unicode release\bcgpodbcgridctrl.obj
g:\vcppwork\coolformat\bcgcbpro\objs\x64\17.0\v143\unicode release\bcgpoutlookbutton.obj
g:\vcppwork\coolformat\bcgcbpro\objs\x64\17.0\v143\unicode release\bcgpplannerprintdual.obj
g:\vcppwork\coolformat\bcgcbpro\objs\x64\17.0\v143\unicode release\bcgpplannerview.obj
g:\vcppwork\coolformat\bcgcbpro\objs\x64\17.0\v143\unicode release\bcgpprogressctrl.obj
g:\vcppwork\coolformat\bcgcbpro\objs\x64\17.0\v143\unicode release\bcgpradialmenu.obj
g:\vcppwork\coolformat\bcgcbpro\objs\x64\17.0\v143\unicode release\bcgpribbonbackstageview.obj
g:\vcppwork\coolformat\bcgcbpro\objs\x64\17.0\v143\unicode release\bcgpribboncheckbox.obj
g:\vcppwork\coolformat\bcgcbpro\objs\x64\17.0\v143\unicode release\bcgpribboncommandslistbox.obj
g:\vcppwork\coolformat\bcgcbpro\objs\x64\17.0\v143\unicode release\bcgpribboncustomizepage.obj
g:\vcppwork\coolformat\bcgcbpro\objs\x64\17.0\v143\unicode release\bcgpribbonkeyboardcustomizedlg.obj
g:\vcppwork\coolformat\bcgcbpro\objs\x64\17.0\v143\unicode release\bcgpribbonprogressbar.obj
g:\vcppwork\coolformat\bcgcbpro\objs\x64\17.0\v143\unicode release\bcgpribbonquickstepsbutton.obj
g:\vcppwork\coolformat\bcgcbpro\objs\x64\17.0\v143\unicode release\bcgpselectskindlg.obj
g:\vcppwork\coolformat\bcgcbpro\objs\x64\17.0\v143\unicode release\bcgpshellmanager.obj
g:\vcppwork\coolformat\bcgcbpro\objs\x64\17.0\v143\unicode release\bcgpskinmanager.obj
g:\vcppwork\coolformat\bcgcbpro\objs\x64\17.0\v143\unicode release\bcgpsmartdockingmanager.obj
g:\vcppwork\coolformat\bcgcbpro\objs\x64\17.0\v143\unicode release\bcgpspinbuttonctrl.obj
g:\vcppwork\coolformat\bcgcbpro\objs\x64\17.0\v143\unicode release\bcgptagmanager.obj
g:\vcppwork\coolformat\bcgcbpro\objs\x64\17.0\v143\unicode release\bcgptoolbardatetimectrl.obj
g:\vcppwork\coolformat\bcgcbpro\objs\x64\17.0\v143\unicode release\bcgptoolbarmenubutton.obj
g:\vcppwork\coolformat\bcgcbpro\objs\x64\17.0\v143\unicode release\bcgpvisualctrl.obj
g:\vcppwork\coolformat\bcgcbpro\objs\x64\17.0\v143\unicode release\bcgpvisualmanager2010.obj
g:\vcppwork\coolformat\bcgcbpro\objs\x64\17.0\v143\unicode release\buttonappearancedlg.obj
g:\vcppwork\coolformat\bcgcbpro\objs\x64\17.0\v143\unicode release\colorpopup.obj
g:\vcppwork\coolformat\bcgcbpro\objs\x64\17.0\v143\unicode release\bcgpappointment.obj
g:\vcppwork\coolformat\bcgcbpro\objs\x64\17.0\v143\unicode release\bcgpbutton.obj
g:\vcppwork\coolformat\bcgcbpro\objs\x64\17.0\v143\unicode release\bcgpchartaxis.obj
g:\vcppwork\coolformat\bcgcbpro\objs\x64\17.0\v143\unicode release\bcgpcolorbar.obj
g:\vcppwork\coolformat\bcgcbpro\objs\x64\17.0\v143\unicode release\bcgpcommandmanager.obj
g:\vcppwork\coolformat\bcgcbpro\objs\x64\17.0\v143\unicode release\bcgpcontrolbar.obj
g:\vcppwork\coolformat\bcgcbpro\objs\x64\17.0\v143\unicode release\bcgpdiagramconnector.obj
g:\vcppwork\coolformat\bcgcbpro\objs\x64\17.0\v143\unicode release\bcgpdialog.obj
g:\vcppwork\coolformat\bcgcbpro\objs\x64\17.0\v143\unicode release\bcgpdropdown.obj
g:\vcppwork\coolformat\bcgcbpro\objs\x64\17.0\v143\unicode release\bcgpeditctrl.obj
g:\vcppwork\coolformat\bcgcbpro\objs\x64\17.0\v143\unicode release\bcgpgraphicsmanagerd2d.obj
g:\vcppwork\coolformat\bcgcbpro\objs\x64\17.0\v143\unicode release\bcgpgridview.obj
g:\vcppwork\coolformat\bcgcbpro\objs\x64\17.0\v143\unicode release\bcgpimageeditdlg.obj
g:\vcppwork\coolformat\bcgcbpro\objs\x64\17.0\v143\unicode release\bcgpkeyboardmanager.obj
g:\vcppwork\coolformat\bcgcbpro\objs\x64\17.0\v143\unicode release\bcgplistbox.obj
g:\vcppwork\coolformat\bcgcbpro\objs\x64\17.0\v143\unicode release\bcgpmenupage.obj
g:\vcppwork\coolformat\bcgcbpro\objs\x64\17.0\v143\unicode release\bcgpminiframewnd.obj
g:\vcppwork\coolformat\bcgcbpro\objs\x64\17.0\v143\unicode release\bcgpoleipframewnd.obj
g:\vcppwork\coolformat\bcgcbpro\objs\x64\17.0\v143\unicode release\bcgpoutlookwnd.obj
g:\vcppwork\coolformat\bcgcbpro\objs\x64\17.0\v143\unicode release\bcgpplannerviewweek.obj
g:\vcppwork\coolformat\bcgcbpro\objs\x64\17.0\v143\unicode release\bcgppopupmenubar.obj
g:\vcppwork\coolformat\bcgcbpro\objs\x64\17.0\v143\unicode release\bcgprecentdockinfo.obj
g:\vcppwork\coolformat\bcgcbpro\objs\x64\17.0\v143\unicode release\bcgprecurrencerules.obj
g:\vcppwork\coolformat\bcgcbpro\objs\x64\17.0\v143\unicode release\bcgpribbonbackstagepagerecent.obj
g:\vcppwork\coolformat\bcgcbpro\objs\x64\17.0\v143\unicode release\bcgpribbonbutton.obj
g:\vcppwork\coolformat\bcgcbpro\objs\x64\17.0\v143\unicode release\bcgpribboncustomizationdata.obj
g:\vcppwork\coolformat\bcgcbpro\objs\x64\17.0\v143\unicode release\bcgpribbonpanel.obj
g:\vcppwork\coolformat\bcgcbpro\objs\x64\17.0\v143\unicode release\bcgpribbonundobutton.obj
g:\vcppwork\coolformat\bcgcbpro\objs\x64\17.0\v143\unicode release\bcgpshelllist.obj
g:\vcppwork\coolformat\bcgcbpro\objs\x64\17.0\v143\unicode release\bcgptagcloud.obj
g:\vcppwork\coolformat\bcgcbpro\objs\x64\17.0\v143\unicode release\bcgptoolbarbutton.obj
g:\vcppwork\coolformat\bcgcbpro\objs\x64\17.0\v143\unicode release\bcgptoolbarfontcombo.obj
g:\vcppwork\coolformat\bcgcbpro\objs\x64\17.0\v143\unicode release\bcgptoolbox.obj
g:\vcppwork\coolformat\bcgcbpro\objs\x64\17.0\v143\unicode release\bcgpusertool.obj
g:\vcppwork\coolformat\bcgcbpro\objs\x64\17.0\v143\unicode release\bcgpvisualinfo.obj
g:\vcppwork\coolformat\bcgcbpro\objs\x64\17.0\v143\unicode release\bcgpvisualmanagervs2010.obj
g:\vcppwork\coolformat\bcgcbpro\objs\x64\17.0\v143\unicode release\bcgpwinxpvisualmanager.obj
g:\vcppwork\coolformat\bcgcbpro\objs\x64\17.0\v143\unicode release\colorpage2.obj
g:\vcppwork\coolformat\bcgcbpro\objs\x64\17.0\v143\unicode release\keyassign.obj
g:\vcppwork\coolformat\bcgcbpro\objs\x64\17.0\v143\unicode release\regpath.obj
g:\vcppwork\coolformat\bcgcbpro\objs\x64\17.0\v143\unicode release\bcgpappbarwnd.obj
g:\vcppwork\coolformat\bcgcbpro\objs\x64\17.0\v143\unicode release\bcgpautohidedockbar.obj
g:\vcppwork\coolformat\bcgcbpro\objs\x64\17.0\v143\unicode release\bcgpbarcontainermanager.obj
g:\vcppwork\coolformat\bcgcbpro\objs\x64\17.0\v143\unicode release\bcgpbasetoolbar.obj
g:\vcppwork\coolformat\bcgcbpro\objs\x64\17.0\v143\unicode release\bcgpbreadcrumbcontrolimpl.obj
g:\vcppwork\coolformat\bcgcbpro\objs\x64\17.0\v143\unicode release\bcgpcaptionmenubutton.obj
g:\vcppwork\coolformat\bcgcbpro\objs\x64\17.0\v143\unicode release\bcgpchartimpl.obj
g:\vcppwork\coolformat\bcgcbpro\objs\x64\17.0\v143\unicode release\bcgpcirculargaugeimpl.obj
g:\vcppwork\coolformat\bcgcbpro\objs\x64\17.0\v143\unicode release\bcgpcombobox.obj
g:\vcppwork\coolformat\bcgcbpro\objs\x64\17.0\v143\unicode release\bcgpdaogridctrl.obj
g:\vcppwork\coolformat\bcgcbpro\objs\x64\17.0\v143\unicode release\bcgpdatetimectrl.obj
g:\vcppwork\coolformat\bcgcbpro\objs\x64\17.0\v143\unicode release\bcgpdiagramvisualobject.obj
g:\vcppwork\coolformat\bcgcbpro\objs\x64\17.0\v143\unicode release\bcgpdockmanager.obj
g:\vcppwork\coolformat\bcgcbpro\objs\x64\17.0\v143\unicode release\bcgpexplorertoolbar.obj
g:\vcppwork\coolformat\bcgcbpro\objs\x64\17.0\v143\unicode release\bcgpganttchart.obj
g:\vcppwork\coolformat\bcgcbpro\objs\x64\17.0\v143\unicode release\bcgpgraphicsmanagergdi.obj
g:\vcppwork\coolformat\bcgcbpro\objs\x64\17.0\v143\unicode release\bcgpgroup.obj
g:\vcppwork\coolformat\bcgcbpro\objs\x64\17.0\v143\unicode release\bcgpheaderctrl.obj
g:\vcppwork\coolformat\bcgcbpro\objs\x64\17.0\v143\unicode release\bcgpintellisenselb.obj
g:\vcppwork\coolformat\bcgcbpro\objs\x64\17.0\v143\unicode release\bcgpkeyboardpage.obj
g:\vcppwork\coolformat\bcgcbpro\objs\x64\17.0\v143\unicode release\bcgplocalres.obj
g:\vcppwork\coolformat\bcgcbpro\objs\x64\17.0\v143\unicode release\bcgpmenubar.obj
g:\vcppwork\coolformat\bcgcbpro\objs\x64\17.0\v143\unicode release\bcgpmultiminiframewnd.obj
g:\vcppwork\coolformat\bcgcbpro\objs\x64\17.0\v143\unicode release\bcgpolecntrframewnd.obj
g:\vcppwork\coolformat\bcgcbpro\objs\x64\17.0\v143\unicode release\bcgpoptionspage.obj
g:\vcppwork\coolformat\bcgcbpro\objs\x64\17.0\v143\unicode release\bcgpplannerprintday.obj
g:\vcppwork\coolformat\bcgcbpro\objs\x64\17.0\v143\unicode release\bcgpplannerviewworkweek.obj
g:\vcppwork\coolformat\bcgcbpro\objs\x64\17.0\v143\unicode release\bcgppopupmenu.obj
g:\vcppwork\coolformat\bcgcbpro\objs\x64\17.0\v143\unicode release\bcgprecurrence.obj
g:\vcppwork\coolformat\bcgcbpro\objs\x64\17.0\v143\unicode release\bcgpreportview.obj
g:\vcppwork\coolformat\bcgcbpro\objs\x64\17.0\v143\unicode release\bcgpribbonbuttonsgroup.obj
g:\vcppwork\coolformat\bcgcbpro\objs\x64\17.0\v143\unicode release\bcgpribboncolorbutton.obj
g:\vcppwork\coolformat\bcgcbpro\objs\x64\17.0\v143\unicode release\bcgpribbonedit.obj
g:\vcppwork\coolformat\bcgcbpro\objs\x64\17.0\v143\unicode release\bcgpribbonkeytip.obj
g:\vcppwork\coolformat\bcgcbpro\objs\x64\17.0\v143\unicode release\bcgpribbonmainpanel.obj
g:\vcppwork\coolformat\bcgcbpro\objs\x64\17.0\v143\unicode release\bcgpribbontoolspage.obj
g:\vcppwork\coolformat\bcgcbpro\objs\x64\17.0\v143\unicode release\bcgpsdplacemarkerwnd.obj
g:\vcppwork\coolformat\bcgcbpro\objs\x64\17.0\v143\unicode release\bcgpslider.obj
g:\vcppwork\coolformat\bcgcbpro\objs\x64\17.0\v143\unicode release\bcgpstatic.obj
g:\vcppwork\coolformat\bcgcbpro\objs\x64\17.0\v143\unicode release\bcgptabview.obj
g:\vcppwork\coolformat\bcgcbpro\objs\x64\17.0\v143\unicode release\bcgptaskpaneminiframewnd.obj
g:\vcppwork\coolformat\bcgcbpro\objs\x64\17.0\v143\unicode release\bcgptoolbar.obj
g:\vcppwork\coolformat\bcgcbpro\objs\x64\17.0\v143\unicode release\bcgptoolbarsystemmenubutton.obj
g:\vcppwork\coolformat\bcgcbpro\objs\x64\17.0\v143\unicode release\bcgptooltipmanager.obj
g:\vcppwork\coolformat\bcgcbpro\objs\x64\17.0\v143\unicode release\bcgpurllinkbutton.obj
g:\vcppwork\coolformat\bcgcbpro\objs\x64\17.0\v143\unicode release\bcgpvisualcontainer.obj
g:\vcppwork\coolformat\bcgcbpro\objs\x64\17.0\v143\unicode release\bcgpvisualmanagervs2005.obj
g:\vcppwork\coolformat\bcgcbpro\objs\x64\17.0\v143\unicode release\bcgpvisualmanagerxp.obj
g:\vcppwork\coolformat\bcgcbpro\objs\x64\17.0\v143\unicode release\buttonslist.obj
g:\vcppwork\coolformat\bcgcbpro\objs\x64\17.0\v143\unicode release\calendarpopup.obj
g:\vcppwork\coolformat\bcgcbpro\objs\x64\17.0\v143\unicode release\colorpage1.obj
g:\vcppwork\coolformat\bcgcbpro\objs\x64\17.0\v143\unicode release\menuhash.obj
g:\vcppwork\coolformat\bcgcbpro\objs\x64\17.0\v143\unicode release\propertysheetctrl.obj
g:\vcppwork\coolformat\bcgcbpro\objs\x64\17.0\v143\unicode release\bcgpappointmentds.obj
g:\vcppwork\coolformat\bcgcbpro\objs\x64\17.0\v143\unicode release\bcgpappointmentstorage.obj
g:\vcppwork\coolformat\bcgcbpro\objs\x64\17.0\v143\unicode release\bcgpbasetabbedbar.obj
g:\vcppwork\coolformat\bcgcbpro\objs\x64\17.0\v143\unicode release\bcgpcalendarmenubutton.obj
g:\vcppwork\coolformat\bcgcbpro\objs\x64\17.0\v143\unicode release\bcgpchartlegend.obj
g:\vcppwork\coolformat\bcgcbpro\objs\x64\17.0\v143\unicode release\bcgpchartvisualobject.obj
g:\vcppwork\coolformat\bcgcbpro\objs\x64\17.0\v143\unicode release\bcgpcontextmenumanager.obj
g:\vcppwork\coolformat\bcgcbpro\objs\x64\17.0\v143\unicode release\bcgpdiagramvisualcontainer.obj
g:\vcppwork\coolformat\bcgcbpro\objs\x64\17.0\v143\unicode release\bcgpdockbar.obj
g:\vcppwork\coolformat\bcgcbpro\objs\x64\17.0\v143\unicode release\bcgpdurationctrl.obj
g:\vcppwork\coolformat\bcgcbpro\objs\x64\17.0\v143\unicode release\bcgpeditview.obj
g:\vcppwork\coolformat\bcgcbpro\objs\x64\17.0\v143\unicode release\bcgpfontcombobox.obj
g:\vcppwork\coolformat\bcgcbpro\objs\x64\17.0\v143\unicode release\bcgpganttgrid.obj
g:\vcppwork\coolformat\bcgcbpro\objs\x64\17.0\v143\unicode release\bcgpglobalutils.obj
g:\vcppwork\coolformat\bcgcbpro\objs\x64\17.0\v143\unicode release\bcgpgridsparkline.obj
g:\vcppwork\coolformat\bcgcbpro\objs\x64\17.0\v143\unicode release\bcgpinplaceedit.obj
g:\vcppwork\coolformat\bcgcbpro\objs\x64\17.0\v143\unicode release\bcgpinplacetooltipctrl.obj
g:\vcppwork\coolformat\bcgcbpro\objs\x64\17.0\v143\unicode release\bcgpintellisensewnd.obj
g:\vcppwork\coolformat\bcgcbpro\objs\x64\17.0\v143\unicode release\bcgplinestylecombobox.obj
g:\vcppwork\coolformat\bcgcbpro\objs\x64\17.0\v143\unicode release\bcgpmaskedit.obj
g:\vcppwork\coolformat\bcgcbpro\objs\x64\17.0\v143\unicode release\bcgppagetransitionmanager.obj
g:\vcppwork\coolformat\bcgcbpro\objs\x64\17.0\v143\unicode release\bcgpswitchimpl.obj
g:\vcppwork\coolformat\bcgcbpro\objs\x64\17.0\v143\unicode release\bcgpwinuitiles.obj
g:\vcppwork\coolformat\bcgcbpro\objs\x64\17.0\v143\unicode release\bcgpplannerclockicons.obj
g:\vcppwork\coolformat\bcgcbpro\objs\x64\17.0\v143\unicode release\bcgpplannermanagerview.obj
g:\vcppwork\coolformat\bcgcbpro\objs\x64\17.0\v143\unicode release\bcgpplannerprintweek.obj
g:\vcppwork\coolformat\bcgcbpro\objs\x64\17.0\v143\unicode release\bcgpplannerviewmonth.obj
g:\vcppwork\coolformat\bcgcbpro\objs\x64\17.0\v143\unicode release\bcgpprintpreviewview.obj
g:\vcppwork\coolformat\bcgcbpro\objs\x64\17.0\v143\unicode release\bcgppropertypage.obj
g:\vcppwork\coolformat\bcgcbpro\objs\x64\17.0\v143\unicode release\bcgprenamedlg.obj
g:\vcppwork\coolformat\bcgcbpro\objs\x64\17.0\v143\unicode release\bcgpribbonbar.obj
g:\vcppwork\coolformat\bcgcbpro\objs\x64\17.0\v143\unicode release\bcgpribboninfo.obj
g:\vcppwork\coolformat\bcgcbpro\objs\x64\17.0\v143\unicode release\bcgpribbonstatusbar.obj
g:\vcppwork\coolformat\bcgcbpro\objs\x64\17.0\v143\unicode release\bcgpshelltree.obj
g:\vcppwork\coolformat\bcgcbpro\objs\x64\17.0\v143\unicode release\bcgptabwnd.obj
g:\vcppwork\coolformat\bcgcbpro\objs\x64\17.0\v143\unicode release\bcgptoolbarcustomize.obj
g:\vcppwork\coolformat\bcgcbpro\objs\x64\17.0\v143\unicode release\bcgptreemap.obj
g:\vcppwork\coolformat\bcgcbpro\objs\x64\17.0\v143\unicode release\bcgpvisualmanager2003.obj
g:\vcppwork\coolformat\bcgcbpro\objs\x64\17.0\v143\unicode release\bcgpvisualmanagervs2012.obj
g:\vcppwork\coolformat\bcgcbpro\objs\x64\17.0\v143\unicode release\bcgpworkspace.obj
g:\vcppwork\coolformat\bcgcbpro\objs\x64\17.0\v143\unicode release\menuimages.obj
g:\vcppwork\coolformat\bcgcbpro\objs\x64\17.0\v143\unicode release\trackmouse.obj
g:\vcppwork\coolformat\bcgcbpro\objs\x64\17.0\v143\unicode release\bcgpappointmentproperty.obj
g:\vcppwork\coolformat\bcgcbpro\objs\x64\17.0\v143\unicode release\bcgpbarcontainer.obj
g:\vcppwork\coolformat\bcgcbpro\objs\x64\17.0\v143\unicode release\bcgpbasetabwnd.obj
g:\vcppwork\coolformat\bcgcbpro\objs\x64\17.0\v143\unicode release\bcgpcaptionbutton.obj
g:\vcppwork\coolformat\bcgcbpro\objs\x64\17.0\v143\unicode release\bcgpchartformat.obj
g:\vcppwork\coolformat\bcgcbpro\objs\x64\17.0\v143\unicode release\bcgpchartshape3d.obj
g:\vcppwork\coolformat\bcgcbpro\objs\x64\17.0\v143\unicode release\bcgpcolorindicatorimpl.obj
g:\vcppwork\coolformat\bcgcbpro\objs\x64\17.0\v143\unicode release\bcgpcustomizemenubutton.obj
g:\vcppwork\coolformat\bcgcbpro\objs\x64\17.0\v143\unicode release\bcgpdiagramview.obj
g:\vcppwork\coolformat\bcgcbpro\objs\x64\17.0\v143\unicode release\bcgpdialogbar.obj
g:\vcppwork\coolformat\bcgcbpro\objs\x64\17.0\v143\unicode release\bcgpdropdownlist.obj
g:\vcppwork\coolformat\bcgcbpro\objs\x64\17.0\v143\unicode release\bcgpengine3dopengl.obj
g:\vcppwork\coolformat\bcgcbpro\objs\x64\17.0\v143\unicode release\bcgpfiledialog.obj
g:\vcppwork\coolformat\bcgcbpro\objs\x64\17.0\v143\unicode release\bcgpganttcontrol.obj
g:\vcppwork\coolformat\bcgcbpro\objs\x64\17.0\v143\unicode release\bcgpgaugeimpl.obj
g:\vcppwork\coolformat\bcgcbpro\objs\x64\17.0\v143\unicode release\bcgpgridfiltermenu.obj
g:\vcppwork\coolformat\bcgcbpro\objs\x64\17.0\v143\unicode release\bcgpimagegaugeimpl.obj
g:\vcppwork\coolformat\bcgcbpro\objs\x64\17.0\v143\unicode release\bcgpknob.obj
g:\vcppwork\coolformat\bcgcbpro\objs\x64\17.0\v143\unicode release\bcgplistctrl.obj
g:\vcppwork\coolformat\bcgcbpro\objs\x64\17.0\v143\unicode release\bcgpmainclientareawnd.obj
g:\vcppwork\coolformat\bcgcbpro\objs\x64\17.0\v143\unicode release\bcgpwindowsnavigator.obj
g:\vcppwork\coolformat\bcgcbpro\objs\x64\17.0\v143\unicode release\bcgpoleserverdoc.obj
g:\vcppwork\coolformat\bcgcbpro\objs\x64\17.0\v143\unicode release\bcgpoutlookbar.obj
g:\vcppwork\coolformat\bcgcbpro\objs\x64\17.0\v143\unicode release\bcgpplannerprintmonth.obj
g:\vcppwork\coolformat\bcgcbpro\objs\x64\17.0\v143\unicode release\bcgppopupdlg.obj
g:\vcppwork\coolformat\bcgcbpro\objs\x64\17.0\v143\unicode release\bcgppowercolorpicker.obj
g:\vcppwork\coolformat\bcgcbpro\objs\x64\17.0\v143\unicode release\bcgpprogressdlg.obj
g:\vcppwork\coolformat\bcgcbpro\objs\x64\17.0\v143\unicode release\bcgprebar.obj
g:\vcppwork\coolformat\bcgcbpro\objs\x64\17.0\v143\unicode release\bcgprecurrencerule.obj
g:\vcppwork\coolformat\bcgcbpro\objs\x64\17.0\v143\unicode release\bcgpribbonbackstagepageprint.obj
g:\vcppwork\coolformat\bcgcbpro\objs\x64\17.0\v143\unicode release\bcgpribboncollector.obj
g:\vcppwork\coolformat\bcgcbpro\objs\x64\17.0\v143\unicode release\bcgpribbonfloaty.obj
g:\vcppwork\coolformat\bcgcbpro\objs\x64\17.0\v143\unicode release\bcgpribbonhyperlink.obj
g:\vcppwork\coolformat\bcgcbpro\objs\x64\17.0\v143\unicode release\bcgpribbonitemdlg.obj
g:\vcppwork\coolformat\bcgcbpro\objs\x64\17.0\v143\unicode release\bcgpribbonlabel.obj
g:\vcppwork\coolformat\bcgcbpro\objs\x64\17.0\v143\unicode release\bcgpribbonquickaccesstoolbar.obj
g:\vcppwork\coolformat\bcgcbpro\objs\x64\17.0\v143\unicode release\bcgpribbonstatusbarpane.obj
g:\vcppwork\coolformat\bcgcbpro\objs\x64\17.0\v143\unicode release\bcgpshellbreadcrumb.obj
g:\vcppwork\coolformat\bcgcbpro\objs\x64\17.0\v143\unicode release\bcgpsliderctrl.obj
g:\vcppwork\coolformat\bcgcbpro\objs\x64\17.0\v143\unicode release\bcgpstaticgaugeimpl.obj
g:\vcppwork\coolformat\bcgcbpro\objs\x64\17.0\v143\unicode release\bcgptextformatdlg.obj
g:\vcppwork\coolformat\bcgcbpro\objs\x64\17.0\v143\unicode release\bcgptoolbardropsource.obj
g:\vcppwork\coolformat\bcgcbpro\objs\x64\17.0\v143\unicode release\bcgptoolbardroptarget.obj
g:\vcppwork\coolformat\bcgcbpro\objs\x64\17.0\v143\unicode release\bcgptoolbarmenubuttonsbutton.obj
g:\vcppwork\coolformat\bcgcbpro\objs\x64\17.0\v143\unicode release\bcgptoolspage.obj
g:\vcppwork\coolformat\bcgcbpro\objs\x64\17.0\v143\unicode release\bcgpvisualconstructor.obj
g:\vcppwork\coolformat\bcgcbpro\objs\x64\17.0\v143\unicode release\bcgpvisualmanagerscenic.obj
g:\vcppwork\coolformat\bcgcbpro\objs\x64\17.0\v143\unicode release\pngread.obj
g:\vcppwork\coolformat\bcgcbpro\objs\x64\17.0\v143\unicode release\pngrutil.obj
g:\vcppwork\coolformat\bcgcbpro\objs\x64\17.0\v143\unicode release\deflate.obj
g:\vcppwork\coolformat\bcgcbpro\objs\x64\17.0\v143\unicode release\pngget.obj
g:\vcppwork\coolformat\bcgcbpro\objs\x64\17.0\v143\unicode release\pngvcrd.obj
g:\vcppwork\coolformat\bcgcbpro\objs\x64\17.0\v143\unicode release\crc32.obj
g:\vcppwork\coolformat\bcgcbpro\objs\x64\17.0\v143\unicode release\pngpread.obj
g:\vcppwork\coolformat\bcgcbpro\objs\x64\17.0\v143\unicode release\pngset.obj
g:\vcppwork\coolformat\bcgcbpro\objs\x64\17.0\v143\unicode release\inflate.obj
g:\vcppwork\coolformat\bcgcbpro\objs\x64\17.0\v143\unicode release\pngmem.obj
g:\vcppwork\coolformat\bcgcbpro\objs\x64\17.0\v143\unicode release\pngwrite.obj
g:\vcppwork\coolformat\bcgcbpro\objs\x64\17.0\v143\unicode release\compress.obj
g:\vcppwork\coolformat\bcgcbpro\objs\x64\17.0\v143\unicode release\trees.obj
g:\vcppwork\coolformat\bcgcbpro\objs\x64\17.0\v143\unicode release\png.obj
g:\vcppwork\coolformat\bcgcbpro\objs\x64\17.0\v143\unicode release\pngtest.obj
g:\vcppwork\coolformat\bcgcbpro\objs\x64\17.0\v143\unicode release\pngwtran.obj
g:\vcppwork\coolformat\bcgcbpro\objs\x64\17.0\v143\unicode release\pngrio.obj
g:\vcppwork\coolformat\bcgcbpro\objs\x64\17.0\v143\unicode release\pngwio.obj
g:\vcppwork\coolformat\bcgcbpro\objs\x64\17.0\v143\unicode release\pngwutil.obj
g:\vcppwork\coolformat\bcgcbpro\objs\x64\17.0\v143\unicode release\pnggccrd.obj
g:\vcppwork\coolformat\bcgcbpro\objs\x64\17.0\v143\unicode release\pngtrans.obj
g:\vcppwork\coolformat\bcgcbpro\objs\x64\17.0\v143\unicode release\adler32.obj
g:\vcppwork\coolformat\bcgcbpro\objs\x64\17.0\v143\unicode release\inftrees.obj
g:\vcppwork\coolformat\bcgcbpro\objs\x64\17.0\v143\unicode release\pngerror.obj
g:\vcppwork\coolformat\bcgcbpro\objs\x64\17.0\v143\unicode release\pngrtran.obj
g:\vcppwork\coolformat\bcgcbpro\objs\x64\17.0\v143\unicode release\inffast.obj
g:\vcppwork\coolformat\bcgcbpro\objs\x64\17.0\v143\unicode release\zutil.obj
g:\vcppwork\coolformat\bin64\bcgcbpro2510staticu143.lib
g:\vcppwork\coolformat\bcgcbpro\objs\x64\17.0\v143\unicode release\bcgcbpro.d1127fc5.tlog\cl.command.1.tlog
g:\vcppwork\coolformat\bcgcbpro\objs\x64\17.0\v143\unicode release\bcgcbpro.d1127fc5.tlog\cl.items.tlog
g:\vcppwork\coolformat\bcgcbpro\objs\x64\17.0\v143\unicode release\bcgcbpro.d1127fc5.tlog\cl.read.1.tlog
g:\vcppwork\coolformat\bcgcbpro\objs\x64\17.0\v143\unicode release\bcgcbpro.d1127fc5.tlog\cl.write.1.tlog
g:\vcppwork\coolformat\bcgcbpro\objs\x64\17.0\v143\unicode release\bcgcbpro.d1127fc5.tlog\lib-link.read.1.tlog
g:\vcppwork\coolformat\bcgcbpro\objs\x64\17.0\v143\unicode release\bcgcbpro.d1127fc5.tlog\lib-link.write.1.tlog
g:\vcppwork\coolformat\bcgcbpro\objs\x64\17.0\v143\unicode release\bcgcbpro.d1127fc5.tlog\lib.command.1.tlog
